2024-07-17 02:59:55.768  WARN 13416 --- [HikariPool-11 housekeeper] com.zaxxer.hikari.pool.HikariPool        : HikariPool-11 - Thread starvation or clock leap detected (housekeeper delta=3h35s170ms800µs800ns).
2024-07-17 09:15:42.438  WARN 13416 --- [HikariPool-11 housekeeper] com.zaxxer.hikari.pool.HikariPool        : HikariPool-11 - Thread starvation or clock leap detected (housekeeper delta=6h16m2s487ms261µs700ns).
2024-07-17 10:15:18.139  WARN 13416 --- [HikariPool-11 housekeeper] com.zaxxer.hikari.pool.HikariPool        : HikariPool-11 - Thread starvation or clock leap detected (housekeeper delta=5m34s817ms926µs300ns).
2024-07-17 11:32:34.643  WARN 13416 --- [HikariPool-11 housekeeper] com.zaxxer.hikari.pool.HikariPool        : HikariPool-11 - Thread starvation or clock leap detected (housekeeper delta=13m15s95ms338µs800ns).
2024-07-17 12:23:59.355  WARN 13416 --- [HikariPool-11 housekeeper] com.zaxxer.hikari.pool.HikariPool        : HikariPool-11 - Thread starvation or clock leap detected (housekeeper delta=49s144ms806µs200ns).
2024-07-17 13:59:14.435  WARN 13416 --- [HikariPool-11 housekeeper] com.zaxxer.hikari.pool.HikariPool        : HikariPool-11 - Thread starvation or clock leap detected (housekeeper delta=8m10s996ms258µs500ns).
2024-07-17 15:17:24.840  WARN 13416 --- [HikariPool-11 housekeeper] com.zaxxer.hikari.pool.HikariPool        : HikariPool-11 - Thread starvation or clock leap detected (housekeeper delta=44m9s688ms214µs).
2024-07-17 15:40:42.195  INFO 13416 --- [File Watcher] rtingClassPathChangeChangedEventListener : Restarting due to 3 class path changes (0 additions, 0 deletions, 3 modifications)
2024-07-17 15:40:43.061  INFO 13416 --- [Thread-43] o.apache.catalina.core.StandardService   : Stopping service [Tomcat]
2024-07-17 15:40:44.264  INFO 13416 --- [Thread-43] j.LocalContainerEntityManagerFactoryBean : Closing JPA EntityManagerFactory for persistence unit 'default'
2024-07-17 15:40:44.612  INFO 13416 --- [Thread-43] com.zaxxer.hikari.HikariDataSource       : HikariPool-11 - Shutdown initiated...
2024-07-17 15:40:44.738  INFO 13416 --- [Thread-43] com.zaxxer.hikari.HikariDataSource       : HikariPool-11 - Shutdown completed.
2024-07-17 15:40:47.307  INFO 13416 --- [restartedMain] c.e.BlogApplicationBackEndApplication    : Starting BlogApplicationBackEndApplication using Java 17.0.7 on DESKTOP-2A0C7II with PID 13416 (C:\Users\Shubham\git\BlogApplication\Blog_Application_back-end\target\classes started by Shubham in C:\Users\Shubham\git\BlogApplication\Blog_Application_back-end)
2024-07-17 15:40:47.307  INFO 13416 --- [restartedMain] c.e.BlogApplicationBackEndApplication    : No active profile set, falling back to 1 default profile: "default"
2024-07-17 15:40:49.405  INFO 13416 --- [restartedMain] .s.d.r.c.RepositoryConfigurationDelegate : Bootstrapping Spring Data JPA repositories in DEFAULT mode.
2024-07-17 15:40:49.826  INFO 13416 --- [restartedMain] .s.d.r.c.RepositoryConfigurationDelegate : Finished Spring Data repository scanning in 420 ms. Found 3 JPA repository interfaces.
2024-07-17 15:40:52.259  INFO 13416 --- [restartedMain] o.s.b.w.embedded.tomcat.TomcatWebServer  : Tomcat initialized with port(s): 8080 (http)
2024-07-17 15:40:52.260  INFO 13416 --- [restartedMain] o.a.catalina.core.AprLifecycleListener   : Loaded Apache Tomcat Native library [2.0.3] using APR version [1.7.2].
2024-07-17 15:40:52.277  INFO 13416 --- [restartedMain] o.a.catalina.core.AprLifecycleListener   : APR capabilities: IPv6 [true], sendfile [true], accept filters [false], random [true], UDS [true].
2024-07-17 15:40:52.278  INFO 13416 --- [restartedMain] o.a.catalina.core.AprLifecycleListener   : APR/OpenSSL configuration: useAprConnector [false], useOpenSSL [true]
2024-07-17 15:40:52.893  INFO 13416 --- [restartedMain] o.a.catalina.core.AprLifecycleListener   : OpenSSL successfully initialized [OpenSSL 3.0.8 7 Feb 2023]
2024-07-17 15:40:52.950  INFO 13416 --- [restartedMain] o.apache.catalina.core.StandardService   : Starting service [Tomcat]
2024-07-17 15:40:52.950  INFO 13416 --- [restartedMain] org.apache.catalina.core.StandardEngine  : Starting Servlet engine: [Apache Tomcat/9.0.71]
2024-07-17 15:40:53.313  INFO 13416 --- [restartedMain] o.a.c.c.C.[Tomcat].[localhost].[/]       : Initializing Spring embedded WebApplicationContext
2024-07-17 15:40:53.314  INFO 13416 --- [restartedMain] w.s.c.ServletWebServerApplicationContext : Root WebApplicationContext: initialization completed in 5950 ms
2024-07-17 15:40:53.670  INFO 13416 --- [restartedMain] com.zaxxer.hikari.HikariDataSource       : HikariPool-12 - Starting...
2024-07-17 15:40:54.070  INFO 13416 --- [restartedMain] com.zaxxer.hikari.HikariDataSource       : HikariPool-12 - Start completed.
2024-07-17 15:40:54.144  INFO 13416 --- [restartedMain] o.s.b.a.h2.H2ConsoleAutoConfiguration    : H2 console available at '/h2-console'. Database available at 'jdbc:mysql://localhost:3306/blog_application'
2024-07-17 15:40:55.171  INFO 13416 --- [restartedMain] o.hibernate.jpa.internal.util.LogHelper  : HHH000204: Processing PersistenceUnitInfo [name: default]
2024-07-17 15:40:55.462  INFO 13416 --- [restartedMain] org.hibernate.dialect.Dialect            : HHH000400: Using dialect: org.hibernate.dialect.MySQL8Dialect
2024-07-17 15:40:58.336  INFO 13416 --- [restartedMain] o.h.e.t.j.p.i.JtaPlatformInitiator       : HHH000490: Using JtaPlatform implementation: [org.hibernate.engine.transaction.jta.platform.internal.NoJtaPlatform]
2024-07-17 15:40:58.348  INFO 13416 --- [restartedMain] j.LocalContainerEntityManagerFactoryBean : Initialized JPA EntityManagerFactory for persistence unit 'default'
2024-07-17 15:40:59.325  WARN 13416 --- [restartedMain] JpaBaseConfiguration$JpaWebConfiguration : spring.jpa.open-in-view is enabled by default. Therefore, database queries may be performed during view rendering. Explicitly configure spring.jpa.open-in-view to disable this warning
2024-07-17 15:41:00.687  INFO 13416 --- [restartedMain] o.s.b.d.a.OptionalLiveReloadServer       : LiveReload server is running on port 35729
2024-07-17 15:41:00.858  INFO 13416 --- [restartedMain] o.s.b.w.embedded.tomcat.TomcatWebServer  : Tomcat started on port(s): 8080 (http) with context path ''
2024-07-17 15:41:00.870  INFO 13416 --- [restartedMain] c.e.BlogApplicationBackEndApplication    : Started BlogApplicationBackEndApplication in 14.811 seconds (JVM running for 690337.3)
2024-07-17 15:41:00.873  INFO 13416 --- [restartedMain] .ConditionEvaluationDeltaLoggingListener : Condition evaluation unchanged
2024-07-17 16:04:45.267  INFO 13416 --- [File Watcher] rtingClassPathChangeChangedEventListener : Restarting due to 3 class path changes (0 additions, 0 deletions, 3 modifications)
2024-07-17 16:04:45.325  INFO 13416 --- [Thread-47] o.apache.catalina.core.StandardService   : Stopping service [Tomcat]
2024-07-17 16:04:45.338  INFO 13416 --- [Thread-47] j.LocalContainerEntityManagerFactoryBean : Closing JPA EntityManagerFactory for persistence unit 'default'
2024-07-17 16:04:45.339  INFO 13416 --- [Thread-47] com.zaxxer.hikari.HikariDataSource       : HikariPool-12 - Shutdown initiated...
2024-07-17 16:04:45.489  INFO 13416 --- [Thread-47] com.zaxxer.hikari.HikariDataSource       : HikariPool-12 - Shutdown completed.
2024-07-17 16:04:45.823  INFO 13416 --- [restartedMain] c.e.BlogApplicationBackEndApplication    : Starting BlogApplicationBackEndApplication using Java 17.0.7 on DESKTOP-2A0C7II with PID 13416 (C:\Users\Shubham\git\BlogApplication\Blog_Application_back-end\target\classes started by Shubham in C:\Users\Shubham\git\BlogApplication\Blog_Application_back-end)
2024-07-17 16:04:45.824  INFO 13416 --- [restartedMain] c.e.BlogApplicationBackEndApplication    : No active profile set, falling back to 1 default profile: "default"
2024-07-17 16:04:46.685  INFO 13416 --- [restartedMain] .s.d.r.c.RepositoryConfigurationDelegate : Bootstrapping Spring Data JPA repositories in DEFAULT mode.
2024-07-17 16:04:46.757  INFO 13416 --- [restartedMain] .s.d.r.c.RepositoryConfigurationDelegate : Finished Spring Data repository scanning in 70 ms. Found 3 JPA repository interfaces.
2024-07-17 16:04:47.060  INFO 13416 --- [restartedMain] o.s.b.w.embedded.tomcat.TomcatWebServer  : Tomcat initialized with port(s): 8080 (http)
2024-07-17 16:04:47.061  INFO 13416 --- [restartedMain] o.a.catalina.core.AprLifecycleListener   : Loaded Apache Tomcat Native library [2.0.3] using APR version [1.7.2].
2024-07-17 16:04:47.061  INFO 13416 --- [restartedMain] o.a.catalina.core.AprLifecycleListener   : APR capabilities: IPv6 [true], sendfile [true], accept filters [false], random [true], UDS [true].
2024-07-17 16:04:47.061  INFO 13416 --- [restartedMain] o.a.catalina.core.AprLifecycleListener   : APR/OpenSSL configuration: useAprConnector [false], useOpenSSL [true]
2024-07-17 16:04:47.069  INFO 13416 --- [restartedMain] o.a.catalina.core.AprLifecycleListener   : OpenSSL successfully initialized [OpenSSL 3.0.8 7 Feb 2023]
2024-07-17 16:04:47.070  INFO 13416 --- [restartedMain] o.apache.catalina.core.StandardService   : Starting service [Tomcat]
2024-07-17 16:04:47.070  INFO 13416 --- [restartedMain] org.apache.catalina.core.StandardEngine  : Starting Servlet engine: [Apache Tomcat/9.0.71]
2024-07-17 16:04:47.164  INFO 13416 --- [restartedMain] o.a.c.c.C.[Tomcat].[localhost].[/]       : Initializing Spring embedded WebApplicationContext
2024-07-17 16:04:47.164  INFO 13416 --- [restartedMain] w.s.c.ServletWebServerApplicationContext : Root WebApplicationContext: initialization completed in 1336 ms
2024-07-17 16:04:47.350  INFO 13416 --- [restartedMain] com.zaxxer.hikari.HikariDataSource       : HikariPool-13 - Starting...
2024-07-17 16:04:47.515  INFO 13416 --- [restartedMain] com.zaxxer.hikari.HikariDataSource       : HikariPool-13 - Start completed.
2024-07-17 16:04:47.515  INFO 13416 --- [restartedMain] o.s.b.a.h2.H2ConsoleAutoConfiguration    : H2 console available at '/h2-console'. Database available at 'jdbc:mysql://localhost:3306/blog_application'
2024-07-17 16:04:47.586  INFO 13416 --- [restartedMain] o.hibernate.jpa.internal.util.LogHelper  : HHH000204: Processing PersistenceUnitInfo [name: default]
2024-07-17 16:04:47.608  INFO 13416 --- [restartedMain] org.hibernate.dialect.Dialect            : HHH000400: Using dialect: org.hibernate.dialect.MySQL8Dialect
2024-07-17 16:04:49.511  INFO 13416 --- [restartedMain] o.h.e.t.j.p.i.JtaPlatformInitiator       : HHH000490: Using JtaPlatform implementation: [org.hibernate.engine.transaction.jta.platform.internal.NoJtaPlatform]
2024-07-17 16:04:49.512  INFO 13416 --- [restartedMain] j.LocalContainerEntityManagerFactoryBean : Initialized JPA EntityManagerFactory for persistence unit 'default'
2024-07-17 16:04:49.913  WARN 13416 --- [restartedMain] JpaBaseConfiguration$JpaWebConfiguration : spring.jpa.open-in-view is enabled by default. Therefore, database queries may be performed during view rendering. Explicitly configure spring.jpa.open-in-view to disable this warning
2024-07-17 16:04:50.258  INFO 13416 --- [restartedMain] o.s.b.d.a.OptionalLiveReloadServer       : LiveReload server is running on port 35729
2024-07-17 16:04:50.437  INFO 13416 --- [restartedMain] o.s.b.w.embedded.tomcat.TomcatWebServer  : Tomcat started on port(s): 8080 (http) with context path ''
2024-07-17 16:04:50.444  INFO 13416 --- [restartedMain] c.e.BlogApplicationBackEndApplication    : Started BlogApplicationBackEndApplication in 4.733 seconds (JVM running for 691766.875)
2024-07-17 16:04:50.447  INFO 13416 --- [restartedMain] .ConditionEvaluationDeltaLoggingListener : Condition evaluation unchanged
2024-07-17 16:39:30.242  WARN 13416 --- [HikariPool-13 housekeeper] com.zaxxer.hikari.pool.HikariPool        : HikariPool-13 - Thread starvation or clock leap detected (housekeeper delta=26m42s508ms798µs800ns).
2024-07-17 16:43:22.424  INFO 13416 --- [File Watcher] rtingClassPathChangeChangedEventListener : Restarting due to 1 class path change (0 additions, 0 deletions, 1 modification)
2024-07-17 16:43:22.450  INFO 13416 --- [Thread-51] o.apache.catalina.core.StandardService   : Stopping service [Tomcat]
2024-07-17 16:43:22.469  INFO 13416 --- [Thread-51] j.LocalContainerEntityManagerFactoryBean : Closing JPA EntityManagerFactory for persistence unit 'default'
2024-07-17 16:43:22.470  INFO 13416 --- [Thread-51] com.zaxxer.hikari.HikariDataSource       : HikariPool-13 - Shutdown initiated...
2024-07-17 16:43:22.480  INFO 13416 --- [Thread-51] com.zaxxer.hikari.HikariDataSource       : HikariPool-13 - Shutdown completed.
2024-07-17 16:43:23.258  INFO 13416 --- [restartedMain] c.e.BlogApplicationBackEndApplication    : Starting BlogApplicationBackEndApplication using Java 17.0.7 on DESKTOP-2A0C7II with PID 13416 (C:\Users\Shubham\git\BlogApplication\Blog_Application_back-end\target\classes started by Shubham in C:\Users\Shubham\git\BlogApplication\Blog_Application_back-end)
2024-07-17 16:43:23.259  INFO 13416 --- [restartedMain] c.e.BlogApplicationBackEndApplication    : No active profile set, falling back to 1 default profile: "default"
2024-07-17 16:43:25.466  INFO 13416 --- [restartedMain] .s.d.r.c.RepositoryConfigurationDelegate : Bootstrapping Spring Data JPA repositories in DEFAULT mode.
2024-07-17 16:43:25.601  INFO 13416 --- [restartedMain] .s.d.r.c.RepositoryConfigurationDelegate : Finished Spring Data repository scanning in 133 ms. Found 3 JPA repository interfaces.
2024-07-17 16:43:26.034  INFO 13416 --- [restartedMain] o.s.b.w.embedded.tomcat.TomcatWebServer  : Tomcat initialized with port(s): 8080 (http)
2024-07-17 16:43:26.034  INFO 13416 --- [restartedMain] o.a.catalina.core.AprLifecycleListener   : Loaded Apache Tomcat Native library [2.0.3] using APR version [1.7.2].
2024-07-17 16:43:26.035  INFO 13416 --- [restartedMain] o.a.catalina.core.AprLifecycleListener   : APR capabilities: IPv6 [true], sendfile [true], accept filters [false], random [true], UDS [true].
2024-07-17 16:43:26.035  INFO 13416 --- [restartedMain] o.a.catalina.core.AprLifecycleListener   : APR/OpenSSL configuration: useAprConnector [false], useOpenSSL [true]
2024-07-17 16:43:26.067  INFO 13416 --- [restartedMain] o.a.catalina.core.AprLifecycleListener   : OpenSSL successfully initialized [OpenSSL 3.0.8 7 Feb 2023]
2024-07-17 16:43:26.068  INFO 13416 --- [restartedMain] o.apache.catalina.core.StandardService   : Starting service [Tomcat]
2024-07-17 16:43:26.068  INFO 13416 --- [restartedMain] org.apache.catalina.core.StandardEngine  : Starting Servlet engine: [Apache Tomcat/9.0.71]
2024-07-17 16:43:26.186  INFO 13416 --- [restartedMain] o.a.c.c.C.[Tomcat].[localhost].[/]       : Initializing Spring embedded WebApplicationContext
2024-07-17 16:43:26.187  INFO 13416 --- [restartedMain] w.s.c.ServletWebServerApplicationContext : Root WebApplicationContext: initialization completed in 2923 ms
2024-07-17 16:43:26.252  INFO 13416 --- [restartedMain] com.zaxxer.hikari.HikariDataSource       : HikariPool-14 - Starting...
2024-07-17 16:43:27.037  INFO 13416 --- [restartedMain] com.zaxxer.hikari.HikariDataSource       : HikariPool-14 - Start completed.
2024-07-17 16:43:27.038  INFO 13416 --- [restartedMain] o.s.b.a.h2.H2ConsoleAutoConfiguration    : H2 console available at '/h2-console'. Database available at 'jdbc:mysql://localhost:3306/blog_application'
2024-07-17 16:43:28.592  INFO 13416 --- [restartedMain] o.hibernate.jpa.internal.util.LogHelper  : HHH000204: Processing PersistenceUnitInfo [name: default]
2024-07-17 16:43:28.825  INFO 13416 --- [restartedMain] org.hibernate.dialect.Dialect            : HHH000400: Using dialect: org.hibernate.dialect.MySQL8Dialect
2024-07-17 16:43:35.302  INFO 13416 --- [restartedMain] o.h.e.t.j.p.i.JtaPlatformInitiator       : HHH000490: Using JtaPlatform implementation: [org.hibernate.engine.transaction.jta.platform.internal.NoJtaPlatform]
2024-07-17 16:43:35.303  INFO 13416 --- [restartedMain] j.LocalContainerEntityManagerFactoryBean : Initialized JPA EntityManagerFactory for persistence unit 'default'
2024-07-17 16:43:36.335  WARN 13416 --- [restartedMain] ConfigServletWebServerApplicationContext : Exception encountered during context initialization - cancelling refresh attempt: org.springframework.beans.factory.BeanCreationException: Error creating bean with name 'postController' defined in file [C:\Users\Shubham\git\BlogApplication\Blog_Application_back-end\target\classes\com\example\controllers\PostController.class]: Instantiation of bean failed; nested exception is org.springframework.beans.BeanInstantiationException: Failed to instantiate [com.example.controllers.PostController]: Constructor threw exception; nested exception is java.lang.Error: Unresolved compilation problem: 
	Syntax error, insert "Type VariableDeclaratorId" to complete FormalParameterList

2024-07-17 16:43:36.336  INFO 13416 --- [restartedMain] j.LocalContainerEntityManagerFactoryBean : Closing JPA EntityManagerFactory for persistence unit 'default'
2024-07-17 16:43:36.339  INFO 13416 --- [restartedMain] com.zaxxer.hikari.HikariDataSource       : HikariPool-14 - Shutdown initiated...
2024-07-17 16:43:36.350  INFO 13416 --- [restartedMain] com.zaxxer.hikari.HikariDataSource       : HikariPool-14 - Shutdown completed.
2024-07-17 16:43:36.352  INFO 13416 --- [restartedMain] o.apache.catalina.core.StandardService   : Stopping service [Tomcat]
2024-07-17 16:43:40.368  INFO 13416 --- [restartedMain] ConditionEvaluationReportLoggingListener : 

Error starting ApplicationContext. To display the conditions report re-run your application with 'debug' enabled.
2024-07-17 16:43:44.501 ERROR 13416 --- [restartedMain] o.s.boot.SpringApplication               : Application run failed

org.springframework.beans.factory.BeanCreationException: Error creating bean with name 'postController' defined in file [C:\Users\Shubham\git\BlogApplication\Blog_Application_back-end\target\classes\com\example\controllers\PostController.class]: Instantiation of bean failed; nested exception is org.springframework.beans.BeanInstantiationException: Failed to instantiate [com.example.controllers.PostController]: Constructor threw exception; nested exception is java.lang.Error: Unresolved compilation problem: 
	Syntax error, insert "Type VariableDeclaratorId" to complete FormalParameterList

	at org.springframework.beans.factory.support.AbstractAutowireCapableBeanFactory.instantiateBean(AbstractAutowireCapableBeanFactory.java:1334) ~[spring-beans-5.3.25.jar:5.3.25]
	at org.springframework.beans.factory.support.AbstractAutowireCapableBeanFactory.createBeanInstance(AbstractAutowireCapableBeanFactory.java:1232) ~[spring-beans-5.3.25.jar:5.3.25]
	at org.springframework.beans.factory.support.AbstractAutowireCapableBeanFactory.doCreateBean(AbstractAutowireCapableBeanFactory.java:582) ~[spring-beans-5.3.25.jar:5.3.25]
	at org.springframework.beans.factory.support.AbstractAutowireCapableBeanFactory.createBean(AbstractAutowireCapableBeanFactory.java:542) ~[spring-beans-5.3.25.jar:5.3.25]
	at org.springframework.beans.factory.support.AbstractBeanFactory.lambda$doGetBean$0(AbstractBeanFactory.java:335) ~[spring-beans-5.3.25.jar:5.3.25]
	at org.springframework.beans.factory.support.DefaultSingletonBeanRegistry.getSingleton(DefaultSingletonBeanRegistry.java:234) ~[spring-beans-5.3.25.jar:5.3.25]
	at org.springframework.beans.factory.support.AbstractBeanFactory.doGetBean(AbstractBeanFactory.java:333) ~[spring-beans-5.3.25.jar:5.3.25]
	at org.springframework.beans.factory.support.AbstractBeanFactory.getBean(AbstractBeanFactory.java:208) ~[spring-beans-5.3.25.jar:5.3.25]
	at org.springframework.beans.factory.support.DefaultListableBeanFactory.preInstantiateSingletons(DefaultListableBeanFactory.java:955) ~[spring-beans-5.3.25.jar:5.3.25]
	at org.springframework.context.support.AbstractApplicationContext.finishBeanFactoryInitialization(AbstractApplicationContext.java:918) ~[spring-context-5.3.25.jar:5.3.25]
	at org.springframework.context.support.AbstractApplicationContext.refresh(AbstractApplicationContext.java:583) ~[spring-context-5.3.25.jar:5.3.25]
	at org.springframework.boot.web.servlet.context.ServletWebServerApplicationContext.refresh(ServletWebServerApplicationContext.java:147) ~[spring-boot-2.7.8.jar:2.7.8]
	at org.springframework.boot.SpringApplication.refresh(SpringApplication.java:731) ~[spring-boot-2.7.8.jar:2.7.8]
	at org.springframework.boot.SpringApplication.refreshContext(SpringApplication.java:408) ~[spring-boot-2.7.8.jar:2.7.8]
	at org.springframework.boot.SpringApplication.run(SpringApplication.java:307) ~[spring-boot-2.7.8.jar:2.7.8]
	at org.springframework.boot.SpringApplication.run(SpringApplication.java:1303) ~[spring-boot-2.7.8.jar:2.7.8]
	at org.springframework.boot.SpringApplication.run(SpringApplication.java:1292) ~[spring-boot-2.7.8.jar:2.7.8]
	at com.example.BlogApplicationBackEndApplication.main(BlogApplicationBackEndApplication.java:10) ~[classes/:na]
	at java.base/jdk.internal.reflect.NativeMethodAccessorImpl.invoke0(Native Method) ~[na:na]
	at java.base/jdk.internal.reflect.NativeMethodAccessorImpl.invoke(NativeMethodAccessorImpl.java:77) ~[na:na]
	at java.base/jdk.internal.reflect.DelegatingMethodAccessorImpl.invoke(DelegatingMethodAccessorImpl.java:43) ~[na:na]
	at java.base/java.lang.reflect.Method.invoke(Method.java:568) ~[na:na]
	at org.springframework.boot.devtools.restart.RestartLauncher.run(RestartLauncher.java:49) ~[spring-boot-devtools-2.7.8.jar:2.7.8]
Caused by: org.springframework.beans.BeanInstantiationException: Failed to instantiate [com.example.controllers.PostController]: Constructor threw exception; nested exception is java.lang.Error: Unresolved compilation problem: 
	Syntax error, insert "Type VariableDeclaratorId" to complete FormalParameterList

	at org.springframework.beans.BeanUtils.instantiateClass(BeanUtils.java:224) ~[spring-beans-5.3.25.jar:5.3.25]
	at org.springframework.beans.factory.support.SimpleInstantiationStrategy.instantiate(SimpleInstantiationStrategy.java:87) ~[spring-beans-5.3.25.jar:5.3.25]
	at org.springframework.beans.factory.support.AbstractAutowireCapableBeanFactory.instantiateBean(AbstractAutowireCapableBeanFactory.java:1326) ~[spring-beans-5.3.25.jar:5.3.25]
	... 22 common frames omitted
Caused by: java.lang.Error: Unresolved compilation problem: 
	Syntax error, insert "Type VariableDeclaratorId" to complete FormalParameterList

	at com.example.controllers.PostController.<init>(PostController.java:56) ~[classes/:na]
	at java.base/jdk.internal.reflect.NativeConstructorAccessorImpl.newInstance0(Native Method) ~[na:na]
	at java.base/jdk.internal.reflect.NativeConstructorAccessorImpl.newInstance(NativeConstructorAccessorImpl.java:77) ~[na:na]
	at java.base/jdk.internal.reflect.DelegatingConstructorAccessorImpl.newInstance(DelegatingConstructorAccessorImpl.java:45) ~[na:na]
	at java.base/java.lang.reflect.Constructor.newInstanceWithCaller(Constructor.java:499) ~[na:na]
	at java.base/java.lang.reflect.Constructor.newInstance(Constructor.java:480) ~[na:na]
	at org.springframework.beans.BeanUtils.instantiateClass(BeanUtils.java:211) ~[spring-beans-5.3.25.jar:5.3.25]
	... 24 common frames omitted

2024-07-17 16:48:05.040  INFO 13416 --- [restartedMain] c.e.BlogApplicationBackEndApplication    : Starting BlogApplicationBackEndApplication using Java 17.0.7 on DESKTOP-2A0C7II with PID 13416 (C:\Users\Shubham\git\BlogApplication\Blog_Application_back-end\target\classes started by Shubham in C:\Users\Shubham\git\BlogApplication\Blog_Application_back-end)
2024-07-17 16:48:05.041  INFO 13416 --- [restartedMain] c.e.BlogApplicationBackEndApplication    : No active profile set, falling back to 1 default profile: "default"
2024-07-17 16:48:05.949  INFO 13416 --- [restartedMain] .s.d.r.c.RepositoryConfigurationDelegate : Bootstrapping Spring Data JPA repositories in DEFAULT mode.
2024-07-17 16:48:06.029  INFO 13416 --- [restartedMain] .s.d.r.c.RepositoryConfigurationDelegate : Finished Spring Data repository scanning in 78 ms. Found 3 JPA repository interfaces.
2024-07-17 16:48:06.306  INFO 13416 --- [restartedMain] o.s.b.w.embedded.tomcat.TomcatWebServer  : Tomcat initialized with port(s): 8080 (http)
2024-07-17 16:48:06.316  INFO 13416 --- [restartedMain] o.a.catalina.core.AprLifecycleListener   : Loaded Apache Tomcat Native library [2.0.3] using APR version [1.7.2].
2024-07-17 16:48:06.317  INFO 13416 --- [restartedMain] o.a.catalina.core.AprLifecycleListener   : APR capabilities: IPv6 [true], sendfile [true], accept filters [false], random [true], UDS [true].
2024-07-17 16:48:06.317  INFO 13416 --- [restartedMain] o.a.catalina.core.AprLifecycleListener   : APR/OpenSSL configuration: useAprConnector [false], useOpenSSL [true]
2024-07-17 16:48:06.319  INFO 13416 --- [restartedMain] o.a.catalina.core.AprLifecycleListener   : OpenSSL successfully initialized [OpenSSL 3.0.8 7 Feb 2023]
2024-07-17 16:48:06.321  INFO 13416 --- [restartedMain] o.apache.catalina.core.StandardService   : Starting service [Tomcat]
2024-07-17 16:48:06.321  INFO 13416 --- [restartedMain] org.apache.catalina.core.StandardEngine  : Starting Servlet engine: [Apache Tomcat/9.0.71]
2024-07-17 16:48:06.423  INFO 13416 --- [restartedMain] o.a.c.c.C.[Tomcat-1].[localhost].[/]     : Initializing Spring embedded WebApplicationContext
2024-07-17 16:48:06.424  INFO 13416 --- [restartedMain] w.s.c.ServletWebServerApplicationContext : Root WebApplicationContext: initialization completed in 1368 ms
2024-07-17 16:48:06.455  INFO 13416 --- [restartedMain] com.zaxxer.hikari.HikariDataSource       : HikariPool-15 - Starting...
2024-07-17 16:48:06.557  INFO 13416 --- [restartedMain] com.zaxxer.hikari.HikariDataSource       : HikariPool-15 - Start completed.
2024-07-17 16:48:06.558  INFO 13416 --- [restartedMain] o.s.b.a.h2.H2ConsoleAutoConfiguration    : H2 console available at '/h2-console'. Database available at 'jdbc:mysql://localhost:3306/blog_application'
2024-07-17 16:48:06.626  INFO 13416 --- [restartedMain] o.hibernate.jpa.internal.util.LogHelper  : HHH000204: Processing PersistenceUnitInfo [name: default]
2024-07-17 16:48:06.650  INFO 13416 --- [restartedMain] org.hibernate.dialect.Dialect            : HHH000400: Using dialect: org.hibernate.dialect.MySQL8Dialect
2024-07-17 16:48:07.956  INFO 13416 --- [restartedMain] o.h.e.t.j.p.i.JtaPlatformInitiator       : HHH000490: Using JtaPlatform implementation: [org.hibernate.engine.transaction.jta.platform.internal.NoJtaPlatform]
2024-07-17 16:48:07.957  INFO 13416 --- [restartedMain] j.LocalContainerEntityManagerFactoryBean : Initialized JPA EntityManagerFactory for persistence unit 'default'
2024-07-17 16:48:08.279  WARN 13416 --- [restartedMain] JpaBaseConfiguration$JpaWebConfiguration : spring.jpa.open-in-view is enabled by default. Therefore, database queries may be performed during view rendering. Explicitly configure spring.jpa.open-in-view to disable this warning
2024-07-17 16:48:08.654  INFO 13416 --- [restartedMain] o.s.b.d.a.OptionalLiveReloadServer       : LiveReload server is running on port 35729
2024-07-17 16:48:08.713  INFO 13416 --- [restartedMain] o.s.b.w.embedded.tomcat.TomcatWebServer  : Tomcat started on port(s): 8080 (http) with context path ''
2024-07-17 16:48:08.721  INFO 13416 --- [restartedMain] c.e.BlogApplicationBackEndApplication    : Started BlogApplicationBackEndApplication in 3.829 seconds (JVM running for 694365.16)
2024-07-17 16:48:08.724  INFO 13416 --- [restartedMain] .ConditionEvaluationDeltaLoggingListener : Condition evaluation unchanged
2024-07-17 16:48:57.740  INFO 28976 --- [restartedMain] c.e.BlogApplicationBackEndApplication    : Starting BlogApplicationBackEndApplication using Java 17.0.7 on DESKTOP-2A0C7II with PID 28976 (C:\Users\Shubham\git\BlogApplication\Blog_Application_back-end\target\classes started by Shubham in C:\Users\Shubham\git\BlogApplication\Blog_Application_back-end)
2024-07-17 16:48:57.744  INFO 28976 --- [restartedMain] c.e.BlogApplicationBackEndApplication    : No active profile set, falling back to 1 default profile: "default"
2024-07-17 16:48:57.891  INFO 28976 --- [restartedMain] .e.DevToolsPropertyDefaultsPostProcessor : Devtools property defaults active! Set 'spring.devtools.add-properties' to 'false' to disable
2024-07-17 16:48:57.891  INFO 28976 --- [restartedMain] .e.DevToolsPropertyDefaultsPostProcessor : For additional web related logging consider setting the 'logging.level.web' property to 'DEBUG'
2024-07-17 16:49:00.343  INFO 28976 --- [restartedMain] .s.d.r.c.RepositoryConfigurationDelegate : Bootstrapping Spring Data JPA repositories in DEFAULT mode.
2024-07-17 16:49:00.585  INFO 28976 --- [restartedMain] .s.d.r.c.RepositoryConfigurationDelegate : Finished Spring Data repository scanning in 198 ms. Found 3 JPA repository interfaces.
2024-07-17 16:49:02.337  INFO 28976 --- [restartedMain] o.s.b.w.embedded.tomcat.TomcatWebServer  : Tomcat initialized with port(s): 8080 (http)
2024-07-17 16:49:02.340  INFO 28976 --- [restartedMain] o.a.catalina.core.AprLifecycleListener   : Loaded Apache Tomcat Native library [2.0.3] using APR version [1.7.2].
2024-07-17 16:49:02.340  INFO 28976 --- [restartedMain] o.a.catalina.core.AprLifecycleListener   : APR capabilities: IPv6 [true], sendfile [true], accept filters [false], random [true], UDS [true].
2024-07-17 16:49:02.341  INFO 28976 --- [restartedMain] o.a.catalina.core.AprLifecycleListener   : APR/OpenSSL configuration: useAprConnector [false], useOpenSSL [true]
2024-07-17 16:49:02.451  INFO 28976 --- [restartedMain] o.a.catalina.core.AprLifecycleListener   : OpenSSL successfully initialized [OpenSSL 3.0.8 7 Feb 2023]
2024-07-17 16:49:02.471  INFO 28976 --- [restartedMain] o.apache.catalina.core.StandardService   : Starting service [Tomcat]
2024-07-17 16:49:02.472  INFO 28976 --- [restartedMain] org.apache.catalina.core.StandardEngine  : Starting Servlet engine: [Apache Tomcat/9.0.71]
2024-07-17 16:49:02.707  INFO 28976 --- [restartedMain] o.a.c.c.C.[Tomcat].[localhost].[/]       : Initializing Spring embedded WebApplicationContext
2024-07-17 16:49:02.707  INFO 28976 --- [restartedMain] w.s.c.ServletWebServerApplicationContext : Root WebApplicationContext: initialization completed in 4814 ms
2024-07-17 16:49:02.787  INFO 28976 --- [restartedMain] com.zaxxer.hikari.HikariDataSource       : HikariPool-1 - Starting...
2024-07-17 16:49:03.565  INFO 28976 --- [restartedMain] com.zaxxer.hikari.HikariDataSource       : HikariPool-1 - Start completed.
2024-07-17 16:49:03.592  INFO 28976 --- [restartedMain] o.s.b.a.h2.H2ConsoleAutoConfiguration    : H2 console available at '/h2-console'. Database available at 'jdbc:mysql://localhost:3306/blog_application'
2024-07-17 16:49:03.977  INFO 28976 --- [restartedMain] o.hibernate.jpa.internal.util.LogHelper  : HHH000204: Processing PersistenceUnitInfo [name: default]
2024-07-17 16:49:04.186  INFO 28976 --- [restartedMain] org.hibernate.Version                    : HHH000412: Hibernate ORM core version 5.6.14.Final
2024-07-17 16:49:04.618  INFO 28976 --- [restartedMain] o.hibernate.annotations.common.Version   : HCANN000001: Hibernate Commons Annotations {5.1.2.Final}
2024-07-17 16:49:04.953  INFO 28976 --- [restartedMain] org.hibernate.dialect.Dialect            : HHH000400: Using dialect: org.hibernate.dialect.MySQL8Dialect
2024-07-17 16:49:07.361  INFO 28976 --- [restartedMain] o.h.e.t.j.p.i.JtaPlatformInitiator       : HHH000490: Using JtaPlatform implementation: [org.hibernate.engine.transaction.jta.platform.internal.NoJtaPlatform]
2024-07-17 16:49:07.382  INFO 28976 --- [restartedMain] j.LocalContainerEntityManagerFactoryBean : Initialized JPA EntityManagerFactory for persistence unit 'default'
2024-07-17 16:49:08.211  WARN 28976 --- [restartedMain] JpaBaseConfiguration$JpaWebConfiguration : spring.jpa.open-in-view is enabled by default. Therefore, database queries may be performed during view rendering. Explicitly configure spring.jpa.open-in-view to disable this warning
2024-07-17 16:49:08.964  WARN 28976 --- [restartedMain] o.s.b.d.a.OptionalLiveReloadServer       : Unable to start LiveReload server
2024-07-17 16:49:09.006  WARN 28976 --- [restartedMain] ConfigServletWebServerApplicationContext : Exception encountered during context initialization - cancelling refresh attempt: org.springframework.context.ApplicationContextException: Failed to start bean 'webServerStartStop'; nested exception is org.springframework.boot.web.server.PortInUseException: Port 8080 is already in use
2024-07-17 16:49:09.013  INFO 28976 --- [restartedMain] j.LocalContainerEntityManagerFactoryBean : Closing JPA EntityManagerFactory for persistence unit 'default'
2024-07-17 16:49:09.022  INFO 28976 --- [restartedMain] com.zaxxer.hikari.HikariDataSource       : HikariPool-1 - Shutdown initiated...
2024-07-17 16:49:09.040  INFO 28976 --- [restartedMain] com.zaxxer.hikari.HikariDataSource       : HikariPool-1 - Shutdown completed.
2024-07-17 16:49:09.044  INFO 28976 --- [restartedMain] o.apache.catalina.core.StandardService   : Stopping service [Tomcat]
2024-07-17 16:49:09.072  INFO 28976 --- [restartedMain] ConditionEvaluationReportLoggingListener : 

Error starting ApplicationContext. To display the conditions report re-run your application with 'debug' enabled.
2024-07-17 16:49:09.143 ERROR 28976 --- [restartedMain] o.s.b.d.LoggingFailureAnalysisReporter   : 

***************************
APPLICATION FAILED TO START
***************************

Description:

Web server failed to start. Port 8080 was already in use.

Action:

Identify and stop the process that's listening on port 8080 or configure this application to listen on another port.

2024-07-17 16:49:48.234  INFO 34676 --- [restartedMain] c.e.BlogApplicationBackEndApplication    : Starting BlogApplicationBackEndApplication using Java 17.0.7 on DESKTOP-2A0C7II with PID 34676 (C:\Users\Shubham\git\BlogApplication\Blog_Application_back-end\target\classes started by Shubham in C:\Users\Shubham\git\BlogApplication\Blog_Application_back-end)
2024-07-17 16:49:48.237  INFO 34676 --- [restartedMain] c.e.BlogApplicationBackEndApplication    : No active profile set, falling back to 1 default profile: "default"
2024-07-17 16:49:48.355  INFO 34676 --- [restartedMain] .e.DevToolsPropertyDefaultsPostProcessor : Devtools property defaults active! Set 'spring.devtools.add-properties' to 'false' to disable
2024-07-17 16:49:48.356  INFO 34676 --- [restartedMain] .e.DevToolsPropertyDefaultsPostProcessor : For additional web related logging consider setting the 'logging.level.web' property to 'DEBUG'
2024-07-17 16:49:49.693  INFO 34676 --- [restartedMain] .s.d.r.c.RepositoryConfigurationDelegate : Bootstrapping Spring Data JPA repositories in DEFAULT mode.
2024-07-17 16:49:49.845  INFO 34676 --- [restartedMain] .s.d.r.c.RepositoryConfigurationDelegate : Finished Spring Data repository scanning in 131 ms. Found 3 JPA repository interfaces.
2024-07-17 16:49:51.043  INFO 34676 --- [restartedMain] o.s.b.w.embedded.tomcat.TomcatWebServer  : Tomcat initialized with port(s): 8080 (http)
2024-07-17 16:49:51.046  INFO 34676 --- [restartedMain] o.a.catalina.core.AprLifecycleListener   : Loaded Apache Tomcat Native library [2.0.3] using APR version [1.7.2].
2024-07-17 16:49:51.047  INFO 34676 --- [restartedMain] o.a.catalina.core.AprLifecycleListener   : APR capabilities: IPv6 [true], sendfile [true], accept filters [false], random [true], UDS [true].
2024-07-17 16:49:51.048  INFO 34676 --- [restartedMain] o.a.catalina.core.AprLifecycleListener   : APR/OpenSSL configuration: useAprConnector [false], useOpenSSL [true]
2024-07-17 16:49:51.058  INFO 34676 --- [restartedMain] o.a.catalina.core.AprLifecycleListener   : OpenSSL successfully initialized [OpenSSL 3.0.8 7 Feb 2023]
2024-07-17 16:49:51.078  INFO 34676 --- [restartedMain] o.apache.catalina.core.StandardService   : Starting service [Tomcat]
2024-07-17 16:49:51.079  INFO 34676 --- [restartedMain] org.apache.catalina.core.StandardEngine  : Starting Servlet engine: [Apache Tomcat/9.0.71]
2024-07-17 16:49:51.315  INFO 34676 --- [restartedMain] o.a.c.c.C.[Tomcat].[localhost].[/]       : Initializing Spring embedded WebApplicationContext
2024-07-17 16:49:51.318  INFO 34676 --- [restartedMain] w.s.c.ServletWebServerApplicationContext : Root WebApplicationContext: initialization completed in 2961 ms
2024-07-17 16:49:51.406  INFO 34676 --- [restartedMain] com.zaxxer.hikari.HikariDataSource       : HikariPool-1 - Starting...
2024-07-17 16:49:52.050  INFO 34676 --- [restartedMain] com.zaxxer.hikari.HikariDataSource       : HikariPool-1 - Start completed.
2024-07-17 16:49:52.071  INFO 34676 --- [restartedMain] o.s.b.a.h2.H2ConsoleAutoConfiguration    : H2 console available at '/h2-console'. Database available at 'jdbc:mysql://localhost:3306/blog_application'
2024-07-17 16:49:52.357  INFO 34676 --- [restartedMain] o.hibernate.jpa.internal.util.LogHelper  : HHH000204: Processing PersistenceUnitInfo [name: default]
2024-07-17 16:49:52.509  INFO 34676 --- [restartedMain] org.hibernate.Version                    : HHH000412: Hibernate ORM core version 5.6.14.Final
2024-07-17 16:49:52.816  INFO 34676 --- [restartedMain] o.hibernate.annotations.common.Version   : HCANN000001: Hibernate Commons Annotations {5.1.2.Final}
2024-07-17 16:49:53.036  INFO 34676 --- [restartedMain] org.hibernate.dialect.Dialect            : HHH000400: Using dialect: org.hibernate.dialect.MySQL8Dialect
2024-07-17 16:49:54.685  INFO 34676 --- [restartedMain] o.h.e.t.j.p.i.JtaPlatformInitiator       : HHH000490: Using JtaPlatform implementation: [org.hibernate.engine.transaction.jta.platform.internal.NoJtaPlatform]
2024-07-17 16:49:54.705  INFO 34676 --- [restartedMain] j.LocalContainerEntityManagerFactoryBean : Initialized JPA EntityManagerFactory for persistence unit 'default'
2024-07-17 16:49:55.518  WARN 34676 --- [restartedMain] JpaBaseConfiguration$JpaWebConfiguration : spring.jpa.open-in-view is enabled by default. Therefore, database queries may be performed during view rendering. Explicitly configure spring.jpa.open-in-view to disable this warning
2024-07-17 16:49:56.079  WARN 34676 --- [restartedMain] o.s.b.d.a.OptionalLiveReloadServer       : Unable to start LiveReload server
2024-07-17 16:49:56.123  WARN 34676 --- [restartedMain] ConfigServletWebServerApplicationContext : Exception encountered during context initialization - cancelling refresh attempt: org.springframework.context.ApplicationContextException: Failed to start bean 'webServerStartStop'; nested exception is org.springframework.boot.web.server.PortInUseException: Port 8080 is already in use
2024-07-17 16:49:56.129  INFO 34676 --- [restartedMain] j.LocalContainerEntityManagerFactoryBean : Closing JPA EntityManagerFactory for persistence unit 'default'
2024-07-17 16:49:56.136  INFO 34676 --- [restartedMain] com.zaxxer.hikari.HikariDataSource       : HikariPool-1 - Shutdown initiated...
2024-07-17 16:49:56.154  INFO 34676 --- [restartedMain] com.zaxxer.hikari.HikariDataSource       : HikariPool-1 - Shutdown completed.
2024-07-17 16:49:56.157  INFO 34676 --- [restartedMain] o.apache.catalina.core.StandardService   : Stopping service [Tomcat]
2024-07-17 16:49:56.184  INFO 34676 --- [restartedMain] ConditionEvaluationReportLoggingListener : 

Error starting ApplicationContext. To display the conditions report re-run your application with 'debug' enabled.
2024-07-17 16:49:56.236 ERROR 34676 --- [restartedMain] o.s.b.d.LoggingFailureAnalysisReporter   : 

***************************
APPLICATION FAILED TO START
***************************

Description:

Web server failed to start. Port 8080 was already in use.

Action:

Identify and stop the process that's listening on port 8080 or configure this application to listen on another port.

2024-07-17 16:53:28.963  INFO 13416 --- [File Watcher] rtingClassPathChangeChangedEventListener : Restarting due to 1 class path change (0 additions, 0 deletions, 1 modification)
2024-07-17 16:53:29.051  INFO 13416 --- [Thread-55] o.apache.catalina.core.StandardService   : Stopping service [Tomcat]
2024-07-17 16:53:29.155  INFO 13416 --- [Thread-55] j.LocalContainerEntityManagerFactoryBean : Closing JPA EntityManagerFactory for persistence unit 'default'
2024-07-17 16:53:29.157  INFO 13416 --- [Thread-55] com.zaxxer.hikari.HikariDataSource       : HikariPool-15 - Shutdown initiated...
2024-07-17 16:53:29.312  INFO 13416 --- [Thread-55] com.zaxxer.hikari.HikariDataSource       : HikariPool-15 - Shutdown completed.
2024-07-17 16:53:30.368  INFO 13416 --- [restartedMain] c.e.BlogApplicationBackEndApplication    : Starting BlogApplicationBackEndApplication using Java 17.0.7 on DESKTOP-2A0C7II with PID 13416 (C:\Users\Shubham\git\BlogApplication\Blog_Application_back-end\target\classes started by Shubham in C:\Users\Shubham\git\BlogApplication\Blog_Application_back-end)
2024-07-17 16:53:30.368  INFO 13416 --- [restartedMain] c.e.BlogApplicationBackEndApplication    : No active profile set, falling back to 1 default profile: "default"
2024-07-17 16:53:31.481  INFO 13416 --- [restartedMain] .s.d.r.c.RepositoryConfigurationDelegate : Bootstrapping Spring Data JPA repositories in DEFAULT mode.
2024-07-17 16:53:31.535  INFO 13416 --- [restartedMain] .s.d.r.c.RepositoryConfigurationDelegate : Finished Spring Data repository scanning in 53 ms. Found 3 JPA repository interfaces.
2024-07-17 16:53:31.947  INFO 13416 --- [restartedMain] o.s.b.w.embedded.tomcat.TomcatWebServer  : Tomcat initialized with port(s): 9090 (http)
2024-07-17 16:53:31.948  INFO 13416 --- [restartedMain] o.a.catalina.core.AprLifecycleListener   : Loaded Apache Tomcat Native library [2.0.3] using APR version [1.7.2].
2024-07-17 16:53:31.948  INFO 13416 --- [restartedMain] o.a.catalina.core.AprLifecycleListener   : APR capabilities: IPv6 [true], sendfile [true], accept filters [false], random [true], UDS [true].
2024-07-17 16:53:31.948  INFO 13416 --- [restartedMain] o.a.catalina.core.AprLifecycleListener   : APR/OpenSSL configuration: useAprConnector [false], useOpenSSL [true]
2024-07-17 16:53:31.950  INFO 13416 --- [restartedMain] o.a.catalina.core.AprLifecycleListener   : OpenSSL successfully initialized [OpenSSL 3.0.8 7 Feb 2023]
2024-07-17 16:53:31.951  INFO 13416 --- [restartedMain] o.apache.catalina.core.StandardService   : Starting service [Tomcat]
2024-07-17 16:53:31.952  INFO 13416 --- [restartedMain] org.apache.catalina.core.StandardEngine  : Starting Servlet engine: [Apache Tomcat/9.0.71]
2024-07-17 16:53:32.083  INFO 13416 --- [restartedMain] o.a.c.c.C.[Tomcat-1].[localhost].[/]     : Initializing Spring embedded WebApplicationContext
2024-07-17 16:53:32.084  INFO 13416 --- [restartedMain] w.s.c.ServletWebServerApplicationContext : Root WebApplicationContext: initialization completed in 1630 ms
2024-07-17 16:53:32.107  INFO 13416 --- [restartedMain] com.zaxxer.hikari.HikariDataSource       : HikariPool-16 - Starting...
2024-07-17 16:53:32.349  INFO 13416 --- [restartedMain] com.zaxxer.hikari.HikariDataSource       : HikariPool-16 - Start completed.
2024-07-17 16:53:32.349  INFO 13416 --- [restartedMain] o.s.b.a.h2.H2ConsoleAutoConfiguration    : H2 console available at '/h2-console'. Database available at 'jdbc:mysql://localhost:3306/blog_application'
2024-07-17 16:53:32.416  INFO 13416 --- [restartedMain] o.hibernate.jpa.internal.util.LogHelper  : HHH000204: Processing PersistenceUnitInfo [name: default]
2024-07-17 16:53:32.472  INFO 13416 --- [restartedMain] org.hibernate.dialect.Dialect            : HHH000400: Using dialect: org.hibernate.dialect.MySQL8Dialect
2024-07-17 16:53:33.359  INFO 13416 --- [restartedMain] o.h.e.t.j.p.i.JtaPlatformInitiator       : HHH000490: Using JtaPlatform implementation: [org.hibernate.engine.transaction.jta.platform.internal.NoJtaPlatform]
2024-07-17 16:53:33.360  INFO 13416 --- [restartedMain] j.LocalContainerEntityManagerFactoryBean : Initialized JPA EntityManagerFactory for persistence unit 'default'
2024-07-17 16:53:33.856  WARN 13416 --- [restartedMain] JpaBaseConfiguration$JpaWebConfiguration : spring.jpa.open-in-view is enabled by default. Therefore, database queries may be performed during view rendering. Explicitly configure spring.jpa.open-in-view to disable this warning
2024-07-17 16:53:34.232  INFO 13416 --- [restartedMain] o.s.b.d.a.OptionalLiveReloadServer       : LiveReload server is running on port 35729
2024-07-17 16:53:34.291  INFO 13416 --- [restartedMain] o.s.b.w.embedded.tomcat.TomcatWebServer  : Tomcat started on port(s): 9090 (http) with context path ''
2024-07-17 16:53:34.301  INFO 13416 --- [restartedMain] c.e.BlogApplicationBackEndApplication    : Started BlogApplicationBackEndApplication in 4.647 seconds (JVM running for 694690.74)
2024-07-17 16:53:34.310  INFO 13416 --- [restartedMain] .ConditionEvaluationDeltaLoggingListener : Condition evaluation unchanged
2024-07-17 16:53:52.005  INFO 24116 --- [restartedMain] c.e.BlogApplicationBackEndApplication    : Starting BlogApplicationBackEndApplication using Java 17.0.7 on DESKTOP-2A0C7II with PID 24116 (C:\Users\Shubham\git\BlogApplication\Blog_Application_back-end\target\classes started by Shubham in C:\Users\Shubham\git\BlogApplication\Blog_Application_back-end)
2024-07-17 16:53:52.008  INFO 24116 --- [restartedMain] c.e.BlogApplicationBackEndApplication    : No active profile set, falling back to 1 default profile: "default"
2024-07-17 16:53:52.149  INFO 24116 --- [restartedMain] .e.DevToolsPropertyDefaultsPostProcessor : Devtools property defaults active! Set 'spring.devtools.add-properties' to 'false' to disable
2024-07-17 16:53:52.150  INFO 24116 --- [restartedMain] .e.DevToolsPropertyDefaultsPostProcessor : For additional web related logging consider setting the 'logging.level.web' property to 'DEBUG'
2024-07-17 16:53:53.857  INFO 24116 --- [restartedMain] .s.d.r.c.RepositoryConfigurationDelegate : Bootstrapping Spring Data JPA repositories in DEFAULT mode.
2024-07-17 16:53:53.995  INFO 24116 --- [restartedMain] .s.d.r.c.RepositoryConfigurationDelegate : Finished Spring Data repository scanning in 113 ms. Found 3 JPA repository interfaces.
2024-07-17 16:53:58.179  INFO 24116 --- [restartedMain] o.s.b.w.embedded.tomcat.TomcatWebServer  : Tomcat initialized with port(s): 9090 (http)
2024-07-17 16:53:58.181  INFO 24116 --- [restartedMain] o.a.catalina.core.AprLifecycleListener   : Loaded Apache Tomcat Native library [2.0.3] using APR version [1.7.2].
2024-07-17 16:53:58.182  INFO 24116 --- [restartedMain] o.a.catalina.core.AprLifecycleListener   : APR capabilities: IPv6 [true], sendfile [true], accept filters [false], random [true], UDS [true].
2024-07-17 16:53:58.183  INFO 24116 --- [restartedMain] o.a.catalina.core.AprLifecycleListener   : APR/OpenSSL configuration: useAprConnector [false], useOpenSSL [true]
2024-07-17 16:53:58.489  INFO 24116 --- [restartedMain] o.a.catalina.core.AprLifecycleListener   : OpenSSL successfully initialized [OpenSSL 3.0.8 7 Feb 2023]
2024-07-17 16:53:58.565  INFO 24116 --- [restartedMain] o.apache.catalina.core.StandardService   : Starting service [Tomcat]
2024-07-17 16:53:58.566  INFO 24116 --- [restartedMain] org.apache.catalina.core.StandardEngine  : Starting Servlet engine: [Apache Tomcat/9.0.71]
2024-07-17 16:53:58.968  INFO 24116 --- [restartedMain] o.a.c.c.C.[Tomcat].[localhost].[/]       : Initializing Spring embedded WebApplicationContext
2024-07-17 16:53:58.968  INFO 24116 --- [restartedMain] w.s.c.ServletWebServerApplicationContext : Root WebApplicationContext: initialization completed in 6817 ms
2024-07-17 16:53:59.033  INFO 24116 --- [restartedMain] com.zaxxer.hikari.HikariDataSource       : HikariPool-1 - Starting...
2024-07-17 16:53:59.697  INFO 24116 --- [restartedMain] com.zaxxer.hikari.HikariDataSource       : HikariPool-1 - Start completed.
2024-07-17 16:53:59.717  INFO 24116 --- [restartedMain] o.s.b.a.h2.H2ConsoleAutoConfiguration    : H2 console available at '/h2-console'. Database available at 'jdbc:mysql://localhost:3306/blog_application'
2024-07-17 16:54:00.328  INFO 24116 --- [restartedMain] o.hibernate.jpa.internal.util.LogHelper  : HHH000204: Processing PersistenceUnitInfo [name: default]
2024-07-17 16:54:01.305  INFO 24116 --- [restartedMain] org.hibernate.Version                    : HHH000412: Hibernate ORM core version 5.6.14.Final
2024-07-17 16:54:02.338  INFO 24116 --- [restartedMain] o.hibernate.annotations.common.Version   : HCANN000001: Hibernate Commons Annotations {5.1.2.Final}
2024-07-17 16:54:03.040  INFO 24116 --- [restartedMain] org.hibernate.dialect.Dialect            : HHH000400: Using dialect: org.hibernate.dialect.MySQL8Dialect
2024-07-17 16:54:08.020  INFO 24116 --- [restartedMain] o.h.e.t.j.p.i.JtaPlatformInitiator       : HHH000490: Using JtaPlatform implementation: [org.hibernate.engine.transaction.jta.platform.internal.NoJtaPlatform]
2024-07-17 16:54:08.041  INFO 24116 --- [restartedMain] j.LocalContainerEntityManagerFactoryBean : Initialized JPA EntityManagerFactory for persistence unit 'default'
2024-07-17 16:54:09.357  WARN 24116 --- [restartedMain] JpaBaseConfiguration$JpaWebConfiguration : spring.jpa.open-in-view is enabled by default. Therefore, database queries may be performed during view rendering. Explicitly configure spring.jpa.open-in-view to disable this warning
2024-07-17 16:54:09.989  WARN 24116 --- [restartedMain] o.s.b.d.a.OptionalLiveReloadServer       : Unable to start LiveReload server
2024-07-17 16:54:10.056  WARN 24116 --- [restartedMain] ConfigServletWebServerApplicationContext : Exception encountered during context initialization - cancelling refresh attempt: org.springframework.context.ApplicationContextException: Failed to start bean 'webServerStartStop'; nested exception is org.springframework.boot.web.server.PortInUseException: Port 9090 is already in use
2024-07-17 16:54:10.063  INFO 24116 --- [restartedMain] j.LocalContainerEntityManagerFactoryBean : Closing JPA EntityManagerFactory for persistence unit 'default'
2024-07-17 16:54:10.070  INFO 24116 --- [restartedMain] com.zaxxer.hikari.HikariDataSource       : HikariPool-1 - Shutdown initiated...
2024-07-17 16:54:10.090  INFO 24116 --- [restartedMain] com.zaxxer.hikari.HikariDataSource       : HikariPool-1 - Shutdown completed.
2024-07-17 16:54:10.094  INFO 24116 --- [restartedMain] o.apache.catalina.core.StandardService   : Stopping service [Tomcat]
2024-07-17 16:54:10.122  INFO 24116 --- [restartedMain] ConditionEvaluationReportLoggingListener : 

Error starting ApplicationContext. To display the conditions report re-run your application with 'debug' enabled.
2024-07-17 16:54:10.242 ERROR 24116 --- [restartedMain] o.s.b.d.LoggingFailureAnalysisReporter   : 

***************************
APPLICATION FAILED TO START
***************************

Description:

Web server failed to start. Port 9090 was already in use.

Action:

Identify and stop the process that's listening on port 9090 or configure this application to listen on another port.

2024-07-17 16:55:04.901  INFO 13416 --- [File Watcher] rtingClassPathChangeChangedEventListener : Restarting due to 1 class path change (0 additions, 0 deletions, 1 modification)
2024-07-17 16:55:04.995  INFO 13416 --- [Thread-62] o.apache.catalina.core.StandardService   : Stopping service [Tomcat]
2024-07-17 16:55:05.001  INFO 13416 --- [Thread-62] j.LocalContainerEntityManagerFactoryBean : Closing JPA EntityManagerFactory for persistence unit 'default'
2024-07-17 16:55:05.002  INFO 13416 --- [Thread-62] com.zaxxer.hikari.HikariDataSource       : HikariPool-16 - Shutdown initiated...
2024-07-17 16:55:05.008  INFO 13416 --- [Thread-62] com.zaxxer.hikari.HikariDataSource       : HikariPool-16 - Shutdown completed.
2024-07-17 16:55:05.318  INFO 13416 --- [restartedMain] c.e.BlogApplicationBackEndApplication    : Starting BlogApplicationBackEndApplication using Java 17.0.7 on DESKTOP-2A0C7II with PID 13416 (C:\Users\Shubham\git\BlogApplication\Blog_Application_back-end\target\classes started by Shubham in C:\Users\Shubham\git\BlogApplication\Blog_Application_back-end)
2024-07-17 16:55:05.319  INFO 13416 --- [restartedMain] c.e.BlogApplicationBackEndApplication    : No active profile set, falling back to 1 default profile: "default"
2024-07-17 16:55:05.712  INFO 13416 --- [restartedMain] .s.d.r.c.RepositoryConfigurationDelegate : Bootstrapping Spring Data JPA repositories in DEFAULT mode.
2024-07-17 16:55:05.766  INFO 13416 --- [restartedMain] .s.d.r.c.RepositoryConfigurationDelegate : Finished Spring Data repository scanning in 53 ms. Found 3 JPA repository interfaces.
2024-07-17 16:55:05.980  INFO 13416 --- [restartedMain] o.s.b.w.embedded.tomcat.TomcatWebServer  : Tomcat initialized with port(s): 8080 (http)
2024-07-17 16:55:05.980  INFO 13416 --- [restartedMain] o.a.catalina.core.AprLifecycleListener   : Loaded Apache Tomcat Native library [2.0.3] using APR version [1.7.2].
2024-07-17 16:55:05.980  INFO 13416 --- [restartedMain] o.a.catalina.core.AprLifecycleListener   : APR capabilities: IPv6 [true], sendfile [true], accept filters [false], random [true], UDS [true].
2024-07-17 16:55:05.981  INFO 13416 --- [restartedMain] o.a.catalina.core.AprLifecycleListener   : APR/OpenSSL configuration: useAprConnector [false], useOpenSSL [true]
2024-07-17 16:55:05.981  INFO 13416 --- [restartedMain] o.a.catalina.core.AprLifecycleListener   : OpenSSL successfully initialized [OpenSSL 3.0.8 7 Feb 2023]
2024-07-17 16:55:05.982  INFO 13416 --- [restartedMain] o.apache.catalina.core.StandardService   : Starting service [Tomcat]
2024-07-17 16:55:05.982  INFO 13416 --- [restartedMain] org.apache.catalina.core.StandardEngine  : Starting Servlet engine: [Apache Tomcat/9.0.71]
2024-07-17 16:55:06.056  INFO 13416 --- [restartedMain] o.a.c.c.C.[Tomcat-1].[localhost].[/]     : Initializing Spring embedded WebApplicationContext
2024-07-17 16:55:06.056  INFO 13416 --- [restartedMain] w.s.c.ServletWebServerApplicationContext : Root WebApplicationContext: initialization completed in 733 ms
2024-07-17 16:55:06.071  INFO 13416 --- [restartedMain] com.zaxxer.hikari.HikariDataSource       : HikariPool-17 - Starting...
2024-07-17 16:55:06.129  INFO 13416 --- [restartedMain] com.zaxxer.hikari.HikariDataSource       : HikariPool-17 - Start completed.
2024-07-17 16:55:06.130  INFO 13416 --- [restartedMain] o.s.b.a.h2.H2ConsoleAutoConfiguration    : H2 console available at '/h2-console'. Database available at 'jdbc:mysql://localhost:3306/blog_application'
2024-07-17 16:55:06.236  INFO 13416 --- [restartedMain] o.hibernate.jpa.internal.util.LogHelper  : HHH000204: Processing PersistenceUnitInfo [name: default]
2024-07-17 16:55:06.282  INFO 13416 --- [restartedMain] org.hibernate.dialect.Dialect            : HHH000400: Using dialect: org.hibernate.dialect.MySQL8Dialect
2024-07-17 16:55:06.408  INFO 13416 --- [restartedMain] o.h.e.t.j.p.i.JtaPlatformInitiator       : HHH000490: Using JtaPlatform implementation: [org.hibernate.engine.transaction.jta.platform.internal.NoJtaPlatform]
2024-07-17 16:55:06.409  INFO 13416 --- [restartedMain] j.LocalContainerEntityManagerFactoryBean : Initialized JPA EntityManagerFactory for persistence unit 'default'
2024-07-17 16:55:06.625  WARN 13416 --- [restartedMain] JpaBaseConfiguration$JpaWebConfiguration : spring.jpa.open-in-view is enabled by default. Therefore, database queries may be performed during view rendering. Explicitly configure spring.jpa.open-in-view to disable this warning
2024-07-17 16:55:06.830  INFO 13416 --- [restartedMain] o.s.b.d.a.OptionalLiveReloadServer       : LiveReload server is running on port 35729
2024-07-17 16:55:07.123  INFO 13416 --- [restartedMain] o.s.b.w.embedded.tomcat.TomcatWebServer  : Tomcat started on port(s): 8080 (http) with context path ''
2024-07-17 16:55:07.131  INFO 13416 --- [restartedMain] c.e.BlogApplicationBackEndApplication    : Started BlogApplicationBackEndApplication in 1.88 seconds (JVM running for 694783.57)
2024-07-17 16:55:07.134  INFO 13416 --- [restartedMain] .ConditionEvaluationDeltaLoggingListener : Condition evaluation unchanged
2024-07-17 16:55:25.128  INFO 15064 --- [restartedMain] c.e.BlogApplicationBackEndApplication    : Starting BlogApplicationBackEndApplication using Java 17.0.7 on DESKTOP-2A0C7II with PID 15064 (C:\Users\Shubham\git\BlogApplication\Blog_Application_back-end\target\classes started by Shubham in C:\Users\Shubham\git\BlogApplication\Blog_Application_back-end)
2024-07-17 16:55:25.130  INFO 15064 --- [restartedMain] c.e.BlogApplicationBackEndApplication    : No active profile set, falling back to 1 default profile: "default"
2024-07-17 16:55:25.271  INFO 15064 --- [restartedMain] .e.DevToolsPropertyDefaultsPostProcessor : Devtools property defaults active! Set 'spring.devtools.add-properties' to 'false' to disable
2024-07-17 16:55:25.271  INFO 15064 --- [restartedMain] .e.DevToolsPropertyDefaultsPostProcessor : For additional web related logging consider setting the 'logging.level.web' property to 'DEBUG'
2024-07-17 16:55:26.905  INFO 15064 --- [restartedMain] .s.d.r.c.RepositoryConfigurationDelegate : Bootstrapping Spring Data JPA repositories in DEFAULT mode.
2024-07-17 16:55:27.047  INFO 15064 --- [restartedMain] .s.d.r.c.RepositoryConfigurationDelegate : Finished Spring Data repository scanning in 119 ms. Found 3 JPA repository interfaces.
2024-07-17 16:55:28.925  INFO 15064 --- [restartedMain] o.s.b.w.embedded.tomcat.TomcatWebServer  : Tomcat initialized with port(s): 8080 (http)
2024-07-17 16:55:28.927  INFO 15064 --- [restartedMain] o.a.catalina.core.AprLifecycleListener   : Loaded Apache Tomcat Native library [2.0.3] using APR version [1.7.2].
2024-07-17 16:55:28.928  INFO 15064 --- [restartedMain] o.a.catalina.core.AprLifecycleListener   : APR capabilities: IPv6 [true], sendfile [true], accept filters [false], random [true], UDS [true].
2024-07-17 16:55:28.928  INFO 15064 --- [restartedMain] o.a.catalina.core.AprLifecycleListener   : APR/OpenSSL configuration: useAprConnector [false], useOpenSSL [true]
2024-07-17 16:55:28.937  INFO 15064 --- [restartedMain] o.a.catalina.core.AprLifecycleListener   : OpenSSL successfully initialized [OpenSSL 3.0.8 7 Feb 2023]
2024-07-17 16:55:28.958  INFO 15064 --- [restartedMain] o.apache.catalina.core.StandardService   : Starting service [Tomcat]
2024-07-17 16:55:28.959  INFO 15064 --- [restartedMain] org.apache.catalina.core.StandardEngine  : Starting Servlet engine: [Apache Tomcat/9.0.71]
2024-07-17 16:55:29.206  INFO 15064 --- [restartedMain] o.a.c.c.C.[Tomcat].[localhost].[/]       : Initializing Spring embedded WebApplicationContext
2024-07-17 16:55:29.207  INFO 15064 --- [restartedMain] w.s.c.ServletWebServerApplicationContext : Root WebApplicationContext: initialization completed in 3935 ms
2024-07-17 16:55:29.295  INFO 15064 --- [restartedMain] com.zaxxer.hikari.HikariDataSource       : HikariPool-1 - Starting...
2024-07-17 16:55:30.183  INFO 15064 --- [restartedMain] com.zaxxer.hikari.HikariDataSource       : HikariPool-1 - Start completed.
2024-07-17 16:55:30.205  INFO 15064 --- [restartedMain] o.s.b.a.h2.H2ConsoleAutoConfiguration    : H2 console available at '/h2-console'. Database available at 'jdbc:mysql://localhost:3306/blog_application'
2024-07-17 16:55:30.532  INFO 15064 --- [restartedMain] o.hibernate.jpa.internal.util.LogHelper  : HHH000204: Processing PersistenceUnitInfo [name: default]
2024-07-17 16:55:30.721  INFO 15064 --- [restartedMain] org.hibernate.Version                    : HHH000412: Hibernate ORM core version 5.6.14.Final
2024-07-17 16:55:31.189  INFO 15064 --- [restartedMain] o.hibernate.annotations.common.Version   : HCANN000001: Hibernate Commons Annotations {5.1.2.Final}
2024-07-17 16:55:31.468  INFO 15064 --- [restartedMain] org.hibernate.dialect.Dialect            : HHH000400: Using dialect: org.hibernate.dialect.MySQL8Dialect
2024-07-17 16:55:34.036  INFO 15064 --- [restartedMain] o.h.e.t.j.p.i.JtaPlatformInitiator       : HHH000490: Using JtaPlatform implementation: [org.hibernate.engine.transaction.jta.platform.internal.NoJtaPlatform]
2024-07-17 16:55:34.060  INFO 15064 --- [restartedMain] j.LocalContainerEntityManagerFactoryBean : Initialized JPA EntityManagerFactory for persistence unit 'default'
2024-07-17 16:55:35.019  WARN 15064 --- [restartedMain] JpaBaseConfiguration$JpaWebConfiguration : spring.jpa.open-in-view is enabled by default. Therefore, database queries may be performed during view rendering. Explicitly configure spring.jpa.open-in-view to disable this warning
2024-07-17 16:55:35.849  WARN 15064 --- [restartedMain] o.s.b.d.a.OptionalLiveReloadServer       : Unable to start LiveReload server
2024-07-17 16:55:35.917  WARN 15064 --- [restartedMain] ConfigServletWebServerApplicationContext : Exception encountered during context initialization - cancelling refresh attempt: org.springframework.context.ApplicationContextException: Failed to start bean 'webServerStartStop'; nested exception is org.springframework.boot.web.server.PortInUseException: Port 8080 is already in use
2024-07-17 16:55:35.928  INFO 15064 --- [restartedMain] j.LocalContainerEntityManagerFactoryBean : Closing JPA EntityManagerFactory for persistence unit 'default'
2024-07-17 16:55:35.936  INFO 15064 --- [restartedMain] com.zaxxer.hikari.HikariDataSource       : HikariPool-1 - Shutdown initiated...
2024-07-17 16:55:35.963  INFO 15064 --- [restartedMain] com.zaxxer.hikari.HikariDataSource       : HikariPool-1 - Shutdown completed.
2024-07-17 16:55:35.967  INFO 15064 --- [restartedMain] o.apache.catalina.core.StandardService   : Stopping service [Tomcat]
2024-07-17 16:55:35.997  INFO 15064 --- [restartedMain] ConditionEvaluationReportLoggingListener : 

Error starting ApplicationContext. To display the conditions report re-run your application with 'debug' enabled.
2024-07-17 16:55:36.078 ERROR 15064 --- [restartedMain] o.s.b.d.LoggingFailureAnalysisReporter   : 

***************************
APPLICATION FAILED TO START
***************************

Description:

Web server failed to start. Port 8080 was already in use.

Action:

Identify and stop the process that's listening on port 8080 or configure this application to listen on another port.

2024-07-17 16:57:34.324  INFO 29456 --- [restartedMain] c.e.BlogApplicationBackEndApplication    : Starting BlogApplicationBackEndApplication using Java 17.0.7 on DESKTOP-2A0C7II with PID 29456 (C:\Users\Shubham\git\BlogApplication\Blog_Application_back-end\target\classes started by Shubham in C:\Users\Shubham\git\BlogApplication\Blog_Application_back-end)
2024-07-17 16:57:38.659  INFO 29456 --- [restartedMain] c.e.BlogApplicationBackEndApplication    : No active profile set, falling back to 1 default profile: "default"
2024-07-17 16:57:38.791  INFO 29456 --- [restartedMain] .e.DevToolsPropertyDefaultsPostProcessor : Devtools property defaults active! Set 'spring.devtools.add-properties' to 'false' to disable
2024-07-17 16:57:38.792  INFO 29456 --- [restartedMain] .e.DevToolsPropertyDefaultsPostProcessor : For additional web related logging consider setting the 'logging.level.web' property to 'DEBUG'
2024-07-17 16:57:40.444  INFO 29456 --- [restartedMain] .s.d.r.c.RepositoryConfigurationDelegate : Bootstrapping Spring Data JPA repositories in DEFAULT mode.
2024-07-17 16:57:40.575  INFO 29456 --- [restartedMain] .s.d.r.c.RepositoryConfigurationDelegate : Finished Spring Data repository scanning in 111 ms. Found 3 JPA repository interfaces.
2024-07-17 16:57:44.774  INFO 29456 --- [restartedMain] o.s.b.w.embedded.tomcat.TomcatWebServer  : Tomcat initialized with port(s): 8080 (http)
2024-07-17 16:57:44.776  INFO 29456 --- [restartedMain] o.a.catalina.core.AprLifecycleListener   : Loaded Apache Tomcat Native library [2.0.3] using APR version [1.7.2].
2024-07-17 16:57:44.777  INFO 29456 --- [restartedMain] o.a.catalina.core.AprLifecycleListener   : APR capabilities: IPv6 [true], sendfile [true], accept filters [false], random [true], UDS [true].
2024-07-17 16:57:44.778  INFO 29456 --- [restartedMain] o.a.catalina.core.AprLifecycleListener   : APR/OpenSSL configuration: useAprConnector [false], useOpenSSL [true]
2024-07-17 16:57:44.994  INFO 29456 --- [restartedMain] o.a.catalina.core.AprLifecycleListener   : OpenSSL successfully initialized [OpenSSL 3.0.8 7 Feb 2023]
2024-07-17 16:57:45.107  INFO 29456 --- [restartedMain] o.apache.catalina.core.StandardService   : Starting service [Tomcat]
2024-07-17 16:57:45.108  INFO 29456 --- [restartedMain] org.apache.catalina.core.StandardEngine  : Starting Servlet engine: [Apache Tomcat/9.0.71]
2024-07-17 16:57:45.524  INFO 29456 --- [restartedMain] o.a.c.c.C.[Tomcat].[localhost].[/]       : Initializing Spring embedded WebApplicationContext
2024-07-17 16:57:45.525  INFO 29456 --- [restartedMain] w.s.c.ServletWebServerApplicationContext : Root WebApplicationContext: initialization completed in 6732 ms
2024-07-17 16:57:45.585  INFO 29456 --- [restartedMain] com.zaxxer.hikari.HikariDataSource       : HikariPool-1 - Starting...
2024-07-17 16:57:46.302  INFO 29456 --- [restartedMain] com.zaxxer.hikari.HikariDataSource       : HikariPool-1 - Start completed.
2024-07-17 16:57:46.330  INFO 29456 --- [restartedMain] o.s.b.a.h2.H2ConsoleAutoConfiguration    : H2 console available at '/h2-console'. Database available at 'jdbc:mysql://localhost:3306/blog_application'
2024-07-17 16:57:46.882  INFO 29456 --- [restartedMain] o.hibernate.jpa.internal.util.LogHelper  : HHH000204: Processing PersistenceUnitInfo [name: default]
2024-07-17 16:57:47.352  INFO 29456 --- [restartedMain] org.hibernate.Version                    : HHH000412: Hibernate ORM core version 5.6.14.Final
2024-07-17 16:57:48.415  INFO 29456 --- [restartedMain] o.hibernate.annotations.common.Version   : HCANN000001: Hibernate Commons Annotations {5.1.2.Final}
2024-07-17 16:57:49.194  INFO 29456 --- [restartedMain] org.hibernate.dialect.Dialect            : HHH000400: Using dialect: org.hibernate.dialect.MySQL8Dialect
2024-07-17 16:57:52.215  INFO 29456 --- [restartedMain] o.h.e.t.j.p.i.JtaPlatformInitiator       : HHH000490: Using JtaPlatform implementation: [org.hibernate.engine.transaction.jta.platform.internal.NoJtaPlatform]
2024-07-17 16:57:52.236  INFO 29456 --- [restartedMain] j.LocalContainerEntityManagerFactoryBean : Initialized JPA EntityManagerFactory for persistence unit 'default'
2024-07-17 16:57:53.239  WARN 29456 --- [restartedMain] JpaBaseConfiguration$JpaWebConfiguration : spring.jpa.open-in-view is enabled by default. Therefore, database queries may be performed during view rendering. Explicitly configure spring.jpa.open-in-view to disable this warning
2024-07-17 16:57:53.817  INFO 29456 --- [restartedMain] o.s.b.d.a.OptionalLiveReloadServer       : LiveReload server is running on port 35729
2024-07-17 16:57:54.658  INFO 29456 --- [restartedMain] o.s.b.w.embedded.tomcat.TomcatWebServer  : Tomcat started on port(s): 8080 (http) with context path ''
2024-07-17 16:57:54.881  INFO 29456 --- [restartedMain] c.e.BlogApplicationBackEndApplication    : Started BlogApplicationBackEndApplication in 21.278 seconds (JVM running for 26.811)
2024-07-17 17:02:34.414  INFO 29456 --- [http-nio-8080-exec-1] o.a.c.c.C.[Tomcat].[localhost].[/]       : Initializing Spring DispatcherServlet 'dispatcherServlet'
2024-07-17 17:02:34.415  INFO 29456 --- [http-nio-8080-exec-1] o.s.web.servlet.DispatcherServlet        : Initializing Servlet 'dispatcherServlet'
2024-07-17 17:02:34.419  INFO 29456 --- [http-nio-8080-exec-1] o.s.web.servlet.DispatcherServlet        : Completed initialization in 4 ms
2024-07-17 17:02:35.235  INFO 29456 --- [http-nio-8080-exec-1] com.example.controllers.PostController   : Requesting to get all Posts
2024-07-17 17:02:35.235  INFO 29456 --- [http-nio-8080-exec-1] c.example.services.impl.PostServiceImpl  : Initiating the dao call to get all posts
2024-07-17 17:02:45.085  INFO 29456 --- [http-nio-8080-exec-1] c.example.services.impl.PostServiceImpl  : Completed the dao call to get all Posts
2024-07-17 17:02:45.087  INFO 29456 --- [http-nio-8080-exec-1] com.example.controllers.PostController   : Completed the request to  get all Posts
2024-07-17 17:04:10.896  INFO 29456 --- [http-nio-8080-exec-5] com.example.controllers.PostController   : Requesting to get all Posts
2024-07-17 17:04:10.897  INFO 29456 --- [http-nio-8080-exec-5] c.example.services.impl.PostServiceImpl  : Initiating the dao call to get all posts
2024-07-17 17:04:11.387  INFO 29456 --- [http-nio-8080-exec-5] c.example.services.impl.PostServiceImpl  : Completed the dao call to get all Posts
2024-07-17 17:04:11.387  INFO 29456 --- [http-nio-8080-exec-5] com.example.controllers.PostController   : Completed the request to  get all Posts
2024-07-17 17:04:31.704  INFO 29456 --- [http-nio-8080-exec-6] com.example.controllers.PostController   : Requesting to get all Posts
2024-07-17 17:04:31.705  INFO 29456 --- [http-nio-8080-exec-6] c.example.services.impl.PostServiceImpl  : Initiating the dao call to get all posts
2024-07-17 17:04:31.720  INFO 29456 --- [http-nio-8080-exec-6] c.example.services.impl.PostServiceImpl  : Completed the dao call to get all Posts
2024-07-17 17:04:31.721  INFO 29456 --- [http-nio-8080-exec-6] com.example.controllers.PostController   : Completed the request to  get all Posts
2024-07-17 17:04:41.825  INFO 29456 --- [http-nio-8080-exec-7] com.example.controllers.PostController   : Requesting to get all Posts
2024-07-17 17:04:41.825  INFO 29456 --- [http-nio-8080-exec-7] c.example.services.impl.PostServiceImpl  : Initiating the dao call to get all posts
2024-07-17 17:04:41.882  INFO 29456 --- [http-nio-8080-exec-7] c.example.services.impl.PostServiceImpl  : Completed the dao call to get all Posts
2024-07-17 17:04:41.883  INFO 29456 --- [http-nio-8080-exec-7] com.example.controllers.PostController   : Completed the request to  get all Posts
2024-07-17 17:06:38.548  INFO 29456 --- [http-nio-8080-exec-10] com.example.controllers.PostController   : Requesting to get all Posts
2024-07-17 17:06:38.549  INFO 29456 --- [http-nio-8080-exec-10] c.example.services.impl.PostServiceImpl  : Initiating the dao call to get all posts
2024-07-17 17:06:38.621  INFO 29456 --- [http-nio-8080-exec-10] c.example.services.impl.PostServiceImpl  : Completed the dao call to get all Posts
2024-07-17 17:06:38.621  INFO 29456 --- [http-nio-8080-exec-10] com.example.controllers.PostController   : Completed the request to  get all Posts
2024-07-17 17:11:15.241  INFO 29456 --- [File Watcher] rtingClassPathChangeChangedEventListener : Restarting due to 1 class path change (1 addition, 0 deletions, 0 modifications)
2024-07-17 17:11:15.271  INFO 29456 --- [Thread-5] o.apache.catalina.core.StandardService   : Stopping service [Tomcat]
2024-07-17 17:11:15.294  INFO 29456 --- [Thread-5] o.a.c.c.C.[Tomcat].[localhost].[/]       : Destroying Spring FrameworkServlet 'dispatcherServlet'
2024-07-17 17:11:15.517  INFO 29456 --- [Thread-5] j.LocalContainerEntityManagerFactoryBean : Closing JPA EntityManagerFactory for persistence unit 'default'
2024-07-17 17:11:15.523  INFO 29456 --- [Thread-5] com.zaxxer.hikari.HikariDataSource       : HikariPool-1 - Shutdown initiated...
2024-07-17 17:11:15.984  INFO 29456 --- [Thread-5] com.zaxxer.hikari.HikariDataSource       : HikariPool-1 - Shutdown completed.
2024-07-17 17:11:16.477  INFO 29456 --- [restartedMain] c.e.BlogApplicationBackEndApplication    : Starting BlogApplicationBackEndApplication using Java 17.0.7 on DESKTOP-2A0C7II with PID 29456 (C:\Users\Shubham\git\BlogApplication\Blog_Application_back-end\target\classes started by Shubham in C:\Users\Shubham\git\BlogApplication\Blog_Application_back-end)
2024-07-17 17:11:16.477  INFO 29456 --- [restartedMain] c.e.BlogApplicationBackEndApplication    : No active profile set, falling back to 1 default profile: "default"
2024-07-17 17:11:19.315  INFO 29456 --- [restartedMain] .s.d.r.c.RepositoryConfigurationDelegate : Bootstrapping Spring Data JPA repositories in DEFAULT mode.
2024-07-17 17:11:19.388  INFO 29456 --- [restartedMain] .s.d.r.c.RepositoryConfigurationDelegate : Finished Spring Data repository scanning in 72 ms. Found 3 JPA repository interfaces.
2024-07-17 17:11:20.285  INFO 29456 --- [restartedMain] o.s.b.w.embedded.tomcat.TomcatWebServer  : Tomcat initialized with port(s): 8080 (http)
2024-07-17 17:11:20.286  INFO 29456 --- [restartedMain] o.a.catalina.core.AprLifecycleListener   : Loaded Apache Tomcat Native library [2.0.3] using APR version [1.7.2].
2024-07-17 17:11:20.287  INFO 29456 --- [restartedMain] o.a.catalina.core.AprLifecycleListener   : APR capabilities: IPv6 [true], sendfile [true], accept filters [false], random [true], UDS [true].
2024-07-17 17:11:20.287  INFO 29456 --- [restartedMain] o.a.catalina.core.AprLifecycleListener   : APR/OpenSSL configuration: useAprConnector [false], useOpenSSL [true]
2024-07-17 17:11:20.289  INFO 29456 --- [restartedMain] o.a.catalina.core.AprLifecycleListener   : OpenSSL successfully initialized [OpenSSL 3.0.8 7 Feb 2023]
2024-07-17 17:11:20.291  INFO 29456 --- [restartedMain] o.apache.catalina.core.StandardService   : Starting service [Tomcat]
2024-07-17 17:11:20.292  INFO 29456 --- [restartedMain] org.apache.catalina.core.StandardEngine  : Starting Servlet engine: [Apache Tomcat/9.0.71]
2024-07-17 17:11:20.397  INFO 29456 --- [restartedMain] o.a.c.c.C.[Tomcat].[localhost].[/]       : Initializing Spring embedded WebApplicationContext
2024-07-17 17:11:20.398  INFO 29456 --- [restartedMain] w.s.c.ServletWebServerApplicationContext : Root WebApplicationContext: initialization completed in 3911 ms
2024-07-17 17:11:20.429  INFO 29456 --- [restartedMain] com.zaxxer.hikari.HikariDataSource       : HikariPool-2 - Starting...
2024-07-17 17:11:20.985  INFO 29456 --- [restartedMain] com.zaxxer.hikari.HikariDataSource       : HikariPool-2 - Start completed.
2024-07-17 17:11:20.986  INFO 29456 --- [restartedMain] o.s.b.a.h2.H2ConsoleAutoConfiguration    : H2 console available at '/h2-console'. Database available at 'jdbc:mysql://localhost:3306/blog_application'
2024-07-17 17:11:21.069  INFO 29456 --- [restartedMain] o.hibernate.jpa.internal.util.LogHelper  : HHH000204: Processing PersistenceUnitInfo [name: default]
2024-07-17 17:11:21.090  INFO 29456 --- [restartedMain] org.hibernate.dialect.Dialect            : HHH000400: Using dialect: org.hibernate.dialect.MySQL8Dialect
2024-07-17 17:11:24.113  INFO 29456 --- [restartedMain] o.h.e.t.j.p.i.JtaPlatformInitiator       : HHH000490: Using JtaPlatform implementation: [org.hibernate.engine.transaction.jta.platform.internal.NoJtaPlatform]
2024-07-17 17:11:24.113  INFO 29456 --- [restartedMain] j.LocalContainerEntityManagerFactoryBean : Initialized JPA EntityManagerFactory for persistence unit 'default'
2024-07-17 17:11:24.867  WARN 29456 --- [restartedMain] JpaBaseConfiguration$JpaWebConfiguration : spring.jpa.open-in-view is enabled by default. Therefore, database queries may be performed during view rendering. Explicitly configure spring.jpa.open-in-view to disable this warning
2024-07-17 17:11:25.501  INFO 29456 --- [restartedMain] o.s.b.d.a.OptionalLiveReloadServer       : LiveReload server is running on port 35729
2024-07-17 17:11:25.616  INFO 29456 --- [restartedMain] o.s.b.w.embedded.tomcat.TomcatWebServer  : Tomcat started on port(s): 8080 (http) with context path ''
2024-07-17 17:11:25.649  INFO 29456 --- [restartedMain] c.e.BlogApplicationBackEndApplication    : Started BlogApplicationBackEndApplication in 9.385 seconds (JVM running for 837.579)
2024-07-17 17:11:25.654  INFO 29456 --- [restartedMain] .ConditionEvaluationDeltaLoggingListener : Condition evaluation unchanged
2024-07-17 17:11:36.629  INFO 29456 --- [RMI TCP Connection(24)-127.0.0.1] inMXBeanRegistrar$SpringApplicationAdmin : Application shutdown requested.
2024-07-17 17:11:36.646  INFO 29456 --- [RMI TCP Connection(24)-127.0.0.1] o.apache.catalina.core.StandardService   : Stopping service [Tomcat]
2024-07-17 17:11:36.655  INFO 29456 --- [RMI TCP Connection(24)-127.0.0.1] j.LocalContainerEntityManagerFactoryBean : Closing JPA EntityManagerFactory for persistence unit 'default'
2024-07-17 17:11:36.656  INFO 29456 --- [RMI TCP Connection(24)-127.0.0.1] com.zaxxer.hikari.HikariDataSource       : HikariPool-2 - Shutdown initiated...
2024-07-17 17:11:36.671  INFO 29456 --- [RMI TCP Connection(24)-127.0.0.1] com.zaxxer.hikari.HikariDataSource       : HikariPool-2 - Shutdown completed.
2024-07-17 17:39:17.966  INFO 13852 --- [restartedMain] c.e.BlogApplicationBackEndApplication    : Starting BlogApplicationBackEndApplication using Java 17.0.7 on DESKTOP-2A0C7II with PID 13852 (C:\Users\Shubham\git\BlogApplication\Blog_Application_back-end\target\classes started by Shubham in C:\Users\Shubham\git\BlogApplication\Blog_Application_back-end)
2024-07-17 17:39:17.987  INFO 13852 --- [restartedMain] c.e.BlogApplicationBackEndApplication    : No active profile set, falling back to 1 default profile: "default"
2024-07-17 17:39:18.592  INFO 13852 --- [restartedMain] .e.DevToolsPropertyDefaultsPostProcessor : Devtools property defaults active! Set 'spring.devtools.add-properties' to 'false' to disable
2024-07-17 17:39:18.593  INFO 13852 --- [restartedMain] .e.DevToolsPropertyDefaultsPostProcessor : For additional web related logging consider setting the 'logging.level.web' property to 'DEBUG'
2024-07-17 17:39:22.937  INFO 13852 --- [restartedMain] .s.d.r.c.RepositoryConfigurationDelegate : Bootstrapping Spring Data JPA repositories in DEFAULT mode.
2024-07-17 17:39:23.213  INFO 13852 --- [restartedMain] .s.d.r.c.RepositoryConfigurationDelegate : Finished Spring Data repository scanning in 251 ms. Found 3 JPA repository interfaces.
2024-07-17 17:39:28.775  INFO 13852 --- [restartedMain] o.s.b.w.embedded.tomcat.TomcatWebServer  : Tomcat initialized with port(s): 8080 (http)
2024-07-17 17:39:28.781  INFO 13852 --- [restartedMain] o.a.catalina.core.AprLifecycleListener   : Loaded Apache Tomcat Native library [2.0.3] using APR version [1.7.2].
2024-07-17 17:39:28.782  INFO 13852 --- [restartedMain] o.a.catalina.core.AprLifecycleListener   : APR capabilities: IPv6 [true], sendfile [true], accept filters [false], random [true], UDS [true].
2024-07-17 17:39:28.783  INFO 13852 --- [restartedMain] o.a.catalina.core.AprLifecycleListener   : APR/OpenSSL configuration: useAprConnector [false], useOpenSSL [true]
2024-07-17 17:39:29.140  INFO 13852 --- [restartedMain] o.a.catalina.core.AprLifecycleListener   : OpenSSL successfully initialized [OpenSSL 3.0.8 7 Feb 2023]
2024-07-17 17:39:29.266  INFO 13852 --- [restartedMain] o.apache.catalina.core.StandardService   : Starting service [Tomcat]
2024-07-17 17:39:29.267  INFO 13852 --- [restartedMain] org.apache.catalina.core.StandardEngine  : Starting Servlet engine: [Apache Tomcat/9.0.71]
2024-07-17 17:39:29.958  INFO 13852 --- [restartedMain] o.a.c.c.C.[Tomcat].[localhost].[/]       : Initializing Spring embedded WebApplicationContext
2024-07-17 17:39:29.974  INFO 13852 --- [restartedMain] w.s.c.ServletWebServerApplicationContext : Root WebApplicationContext: initialization completed in 11377 ms
2024-07-17 17:39:30.104  INFO 13852 --- [restartedMain] com.zaxxer.hikari.HikariDataSource       : HikariPool-1 - Starting...
2024-07-17 17:39:33.134  INFO 13852 --- [restartedMain] com.zaxxer.hikari.HikariDataSource       : HikariPool-1 - Start completed.
2024-07-17 17:39:33.156  INFO 13852 --- [restartedMain] o.s.b.a.h2.H2ConsoleAutoConfiguration    : H2 console available at '/h2-console'. Database available at 'jdbc:mysql://localhost:3306/blog_application'
2024-07-17 17:39:34.487  INFO 13852 --- [restartedMain] o.hibernate.jpa.internal.util.LogHelper  : HHH000204: Processing PersistenceUnitInfo [name: default]
2024-07-17 17:39:35.690  INFO 13852 --- [restartedMain] org.hibernate.Version                    : HHH000412: Hibernate ORM core version 5.6.14.Final
2024-07-17 17:39:36.709  INFO 13852 --- [restartedMain] o.hibernate.annotations.common.Version   : HCANN000001: Hibernate Commons Annotations {5.1.2.Final}
2024-07-17 17:39:39.012  INFO 13852 --- [restartedMain] org.hibernate.dialect.Dialect            : HHH000400: Using dialect: org.hibernate.dialect.MySQL8Dialect
2024-07-17 17:39:48.148  INFO 13852 --- [restartedMain] o.h.e.t.j.p.i.JtaPlatformInitiator       : HHH000490: Using JtaPlatform implementation: [org.hibernate.engine.transaction.jta.platform.internal.NoJtaPlatform]
2024-07-17 17:39:48.181  INFO 13852 --- [restartedMain] j.LocalContainerEntityManagerFactoryBean : Initialized JPA EntityManagerFactory for persistence unit 'default'
2024-07-17 17:39:52.216  WARN 13852 --- [restartedMain] JpaBaseConfiguration$JpaWebConfiguration : spring.jpa.open-in-view is enabled by default. Therefore, database queries may be performed during view rendering. Explicitly configure spring.jpa.open-in-view to disable this warning
2024-07-17 17:39:53.160  INFO 13852 --- [restartedMain] o.s.b.d.a.OptionalLiveReloadServer       : LiveReload server is running on port 35729
2024-07-17 17:39:53.476  INFO 13852 --- [restartedMain] o.s.b.w.embedded.tomcat.TomcatWebServer  : Tomcat started on port(s): 8080 (http) with context path ''
2024-07-17 17:39:53.497  INFO 13852 --- [restartedMain] c.e.BlogApplicationBackEndApplication    : Started BlogApplicationBackEndApplication in 38.027 seconds (JVM running for 63.48)
2024-07-17 17:40:09.436  INFO 13852 --- [http-nio-8080-exec-1] o.a.c.c.C.[Tomcat].[localhost].[/]       : Initializing Spring DispatcherServlet 'dispatcherServlet'
2024-07-17 17:40:09.438  INFO 13852 --- [http-nio-8080-exec-1] o.s.web.servlet.DispatcherServlet        : Initializing Servlet 'dispatcherServlet'
2024-07-17 17:40:09.441  INFO 13852 --- [http-nio-8080-exec-1] o.s.web.servlet.DispatcherServlet        : Completed initialization in 2 ms
2024-07-17 17:40:09.627  INFO 13852 --- [http-nio-8080-exec-1] com.example.controllers.PostController   : Requesting to get all Posts
2024-07-17 17:40:09.628  INFO 13852 --- [http-nio-8080-exec-1] c.example.services.impl.PostServiceImpl  : Initiating the dao call to get all posts
2024-07-17 17:40:11.255  INFO 13852 --- [http-nio-8080-exec-1] c.example.services.impl.PostServiceImpl  : Completed the dao call to get all Posts
2024-07-17 17:40:11.256  INFO 13852 --- [http-nio-8080-exec-1] com.example.controllers.PostController   : Completed the request to  get all Posts
2024-07-17 17:40:59.310  INFO 13852 --- [http-nio-8080-exec-3] com.example.controllers.PostController   : Requesting to get all Posts
2024-07-17 17:40:59.310  INFO 13852 --- [http-nio-8080-exec-3] c.example.services.impl.PostServiceImpl  : Initiating the dao call to get all posts
2024-07-17 17:40:59.371  INFO 13852 --- [http-nio-8080-exec-3] c.example.services.impl.PostServiceImpl  : Completed the dao call to get all Posts
2024-07-17 17:40:59.372  INFO 13852 --- [http-nio-8080-exec-3] com.example.controllers.PostController   : Completed the request to  get all Posts
2024-07-17 17:47:55.218  INFO 13852 --- [File Watcher] rtingClassPathChangeChangedEventListener : Restarting due to 1 class path change (0 additions, 0 deletions, 1 modification)
2024-07-17 17:47:55.673  INFO 13852 --- [Thread-5] o.apache.catalina.core.StandardService   : Stopping service [Tomcat]
2024-07-17 17:47:55.678  INFO 13852 --- [Thread-5] o.a.c.c.C.[Tomcat].[localhost].[/]       : Destroying Spring FrameworkServlet 'dispatcherServlet'
2024-07-17 17:47:55.717  INFO 13852 --- [Thread-5] j.LocalContainerEntityManagerFactoryBean : Closing JPA EntityManagerFactory for persistence unit 'default'
2024-07-17 17:47:55.724  INFO 13852 --- [Thread-5] com.zaxxer.hikari.HikariDataSource       : HikariPool-1 - Shutdown initiated...
2024-07-17 17:47:56.444  INFO 13852 --- [Thread-5] com.zaxxer.hikari.HikariDataSource       : HikariPool-1 - Shutdown completed.
2024-07-17 17:47:56.634  INFO 13852 --- [restartedMain] c.e.BlogApplicationBackEndApplication    : Starting BlogApplicationBackEndApplication using Java 17.0.7 on DESKTOP-2A0C7II with PID 13852 (C:\Users\Shubham\git\BlogApplication\Blog_Application_back-end\target\classes started by Shubham in C:\Users\Shubham\git\BlogApplication\Blog_Application_back-end)
2024-07-17 17:47:56.634  INFO 13852 --- [restartedMain] c.e.BlogApplicationBackEndApplication    : No active profile set, falling back to 1 default profile: "default"
2024-07-17 17:47:57.455  INFO 13852 --- [restartedMain] .s.d.r.c.RepositoryConfigurationDelegate : Bootstrapping Spring Data JPA repositories in DEFAULT mode.
2024-07-17 17:47:57.520  INFO 13852 --- [restartedMain] .s.d.r.c.RepositoryConfigurationDelegate : Finished Spring Data repository scanning in 63 ms. Found 3 JPA repository interfaces.
2024-07-17 17:47:57.815  INFO 13852 --- [restartedMain] o.s.b.w.embedded.tomcat.TomcatWebServer  : Tomcat initialized with port(s): 8080 (http)
2024-07-17 17:47:57.816  INFO 13852 --- [restartedMain] o.a.catalina.core.AprLifecycleListener   : Loaded Apache Tomcat Native library [2.0.3] using APR version [1.7.2].
2024-07-17 17:47:57.817  INFO 13852 --- [restartedMain] o.a.catalina.core.AprLifecycleListener   : APR capabilities: IPv6 [true], sendfile [true], accept filters [false], random [true], UDS [true].
2024-07-17 17:47:57.817  INFO 13852 --- [restartedMain] o.a.catalina.core.AprLifecycleListener   : APR/OpenSSL configuration: useAprConnector [false], useOpenSSL [true]
2024-07-17 17:47:57.819  INFO 13852 --- [restartedMain] o.a.catalina.core.AprLifecycleListener   : OpenSSL successfully initialized [OpenSSL 3.0.8 7 Feb 2023]
2024-07-17 17:47:57.820  INFO 13852 --- [restartedMain] o.apache.catalina.core.StandardService   : Starting service [Tomcat]
2024-07-17 17:47:57.821  INFO 13852 --- [restartedMain] org.apache.catalina.core.StandardEngine  : Starting Servlet engine: [Apache Tomcat/9.0.71]
2024-07-17 17:47:57.906  INFO 13852 --- [restartedMain] o.a.c.c.C.[Tomcat].[localhost].[/]       : Initializing Spring embedded WebApplicationContext
2024-07-17 17:47:57.907  INFO 13852 --- [restartedMain] w.s.c.ServletWebServerApplicationContext : Root WebApplicationContext: initialization completed in 1267 ms
2024-07-17 17:47:57.948  INFO 13852 --- [restartedMain] com.zaxxer.hikari.HikariDataSource       : HikariPool-2 - Starting...
2024-07-17 17:47:58.927  INFO 13852 --- [restartedMain] com.zaxxer.hikari.HikariDataSource       : HikariPool-2 - Start completed.
2024-07-17 17:47:58.930  INFO 13852 --- [restartedMain] o.s.b.a.h2.H2ConsoleAutoConfiguration    : H2 console available at '/h2-console'. Database available at 'jdbc:mysql://localhost:3306/blog_application'
2024-07-17 17:47:59.295  INFO 13852 --- [restartedMain] o.hibernate.jpa.internal.util.LogHelper  : HHH000204: Processing PersistenceUnitInfo [name: default]
2024-07-17 17:47:59.312  INFO 13852 --- [restartedMain] org.hibernate.dialect.Dialect            : HHH000400: Using dialect: org.hibernate.dialect.MySQL8Dialect
2024-07-17 17:48:00.558  INFO 13852 --- [restartedMain] o.h.e.t.j.p.i.JtaPlatformInitiator       : HHH000490: Using JtaPlatform implementation: [org.hibernate.engine.transaction.jta.platform.internal.NoJtaPlatform]
2024-07-17 17:48:00.560  INFO 13852 --- [restartedMain] j.LocalContainerEntityManagerFactoryBean : Initialized JPA EntityManagerFactory for persistence unit 'default'
2024-07-17 17:48:00.801  WARN 13852 --- [restartedMain] JpaBaseConfiguration$JpaWebConfiguration : spring.jpa.open-in-view is enabled by default. Therefore, database queries may be performed during view rendering. Explicitly configure spring.jpa.open-in-view to disable this warning
2024-07-17 17:48:00.975  INFO 13852 --- [restartedMain] o.s.b.d.a.OptionalLiveReloadServer       : LiveReload server is running on port 35729
2024-07-17 17:48:00.995  INFO 13852 --- [restartedMain] o.s.b.w.embedded.tomcat.TomcatWebServer  : Tomcat started on port(s): 8080 (http) with context path ''
2024-07-17 17:48:01.002  INFO 13852 --- [restartedMain] c.e.BlogApplicationBackEndApplication    : Started BlogApplicationBackEndApplication in 4.462 seconds (JVM running for 550.984)
2024-07-17 17:48:01.006  INFO 13852 --- [restartedMain] .ConditionEvaluationDeltaLoggingListener : Condition evaluation unchanged
2024-07-17 17:48:20.288  INFO 13852 --- [File Watcher] rtingClassPathChangeChangedEventListener : Restarting due to 1 class path change (0 additions, 0 deletions, 1 modification)
2024-07-17 17:48:20.304  INFO 13852 --- [Thread-7] o.apache.catalina.core.StandardService   : Stopping service [Tomcat]
2024-07-17 17:48:20.313  INFO 13852 --- [Thread-7] j.LocalContainerEntityManagerFactoryBean : Closing JPA EntityManagerFactory for persistence unit 'default'
2024-07-17 17:48:20.315  INFO 13852 --- [Thread-7] com.zaxxer.hikari.HikariDataSource       : HikariPool-2 - Shutdown initiated...
2024-07-17 17:48:20.328  INFO 13852 --- [Thread-7] com.zaxxer.hikari.HikariDataSource       : HikariPool-2 - Shutdown completed.
2024-07-17 17:48:20.495  INFO 13852 --- [restartedMain] c.e.BlogApplicationBackEndApplication    : Starting BlogApplicationBackEndApplication using Java 17.0.7 on DESKTOP-2A0C7II with PID 13852 (C:\Users\Shubham\git\BlogApplication\Blog_Application_back-end\target\classes started by Shubham in C:\Users\Shubham\git\BlogApplication\Blog_Application_back-end)
2024-07-17 17:48:20.496  INFO 13852 --- [restartedMain] c.e.BlogApplicationBackEndApplication    : No active profile set, falling back to 1 default profile: "default"
2024-07-17 17:48:21.098  INFO 13852 --- [restartedMain] .s.d.r.c.RepositoryConfigurationDelegate : Bootstrapping Spring Data JPA repositories in DEFAULT mode.
2024-07-17 17:48:21.160  INFO 13852 --- [restartedMain] .s.d.r.c.RepositoryConfigurationDelegate : Finished Spring Data repository scanning in 61 ms. Found 3 JPA repository interfaces.
2024-07-17 17:48:21.646  INFO 13852 --- [restartedMain] o.s.b.w.embedded.tomcat.TomcatWebServer  : Tomcat initialized with port(s): 8080 (http)
2024-07-17 17:48:21.647  INFO 13852 --- [restartedMain] o.a.catalina.core.AprLifecycleListener   : Loaded Apache Tomcat Native library [2.0.3] using APR version [1.7.2].
2024-07-17 17:48:21.648  INFO 13852 --- [restartedMain] o.a.catalina.core.AprLifecycleListener   : APR capabilities: IPv6 [true], sendfile [true], accept filters [false], random [true], UDS [true].
2024-07-17 17:48:21.648  INFO 13852 --- [restartedMain] o.a.catalina.core.AprLifecycleListener   : APR/OpenSSL configuration: useAprConnector [false], useOpenSSL [true]
2024-07-17 17:48:21.649  INFO 13852 --- [restartedMain] o.a.catalina.core.AprLifecycleListener   : OpenSSL successfully initialized [OpenSSL 3.0.8 7 Feb 2023]
2024-07-17 17:48:21.651  INFO 13852 --- [restartedMain] o.apache.catalina.core.StandardService   : Starting service [Tomcat]
2024-07-17 17:48:21.651  INFO 13852 --- [restartedMain] org.apache.catalina.core.StandardEngine  : Starting Servlet engine: [Apache Tomcat/9.0.71]
2024-07-17 17:48:21.813  INFO 13852 --- [restartedMain] o.a.c.c.C.[Tomcat].[localhost].[/]       : Initializing Spring embedded WebApplicationContext
2024-07-17 17:48:21.813  INFO 13852 --- [restartedMain] w.s.c.ServletWebServerApplicationContext : Root WebApplicationContext: initialization completed in 1311 ms
2024-07-17 17:48:21.834  INFO 13852 --- [restartedMain] com.zaxxer.hikari.HikariDataSource       : HikariPool-3 - Starting...
2024-07-17 17:48:21.915  INFO 13852 --- [restartedMain] com.zaxxer.hikari.HikariDataSource       : HikariPool-3 - Start completed.
2024-07-17 17:48:21.915  INFO 13852 --- [restartedMain] o.s.b.a.h2.H2ConsoleAutoConfiguration    : H2 console available at '/h2-console'. Database available at 'jdbc:mysql://localhost:3306/blog_application'
2024-07-17 17:48:21.973  INFO 13852 --- [restartedMain] o.hibernate.jpa.internal.util.LogHelper  : HHH000204: Processing PersistenceUnitInfo [name: default]
2024-07-17 17:48:21.987  INFO 13852 --- [restartedMain] org.hibernate.dialect.Dialect            : HHH000400: Using dialect: org.hibernate.dialect.MySQL8Dialect
2024-07-17 17:48:22.406  INFO 13852 --- [restartedMain] o.h.e.t.j.p.i.JtaPlatformInitiator       : HHH000490: Using JtaPlatform implementation: [org.hibernate.engine.transaction.jta.platform.internal.NoJtaPlatform]
2024-07-17 17:48:22.406  INFO 13852 --- [restartedMain] j.LocalContainerEntityManagerFactoryBean : Initialized JPA EntityManagerFactory for persistence unit 'default'
2024-07-17 17:48:22.648  WARN 13852 --- [restartedMain] JpaBaseConfiguration$JpaWebConfiguration : spring.jpa.open-in-view is enabled by default. Therefore, database queries may be performed during view rendering. Explicitly configure spring.jpa.open-in-view to disable this warning
2024-07-17 17:48:22.865  INFO 13852 --- [restartedMain] o.s.b.d.a.OptionalLiveReloadServer       : LiveReload server is running on port 35729
2024-07-17 17:48:22.892  INFO 13852 --- [restartedMain] o.s.b.w.embedded.tomcat.TomcatWebServer  : Tomcat started on port(s): 8080 (http) with context path ''
2024-07-17 17:48:22.902  INFO 13852 --- [restartedMain] c.e.BlogApplicationBackEndApplication    : Started BlogApplicationBackEndApplication in 2.482 seconds (JVM running for 572.885)
2024-07-17 17:48:22.905  INFO 13852 --- [restartedMain] .ConditionEvaluationDeltaLoggingListener : Condition evaluation unchanged
